[2012-09-07 22:12:23] myapp.INFO: > GET / [] []
[2012-09-07 22:12:23] myapp.INFO: < 200 [] []
[2012-09-07 22:12:29] myapp.INFO: > GET /v1 [] []
[2012-09-07 22:12:29] myapp.INFO: < 301 [] []
[2012-09-07 22:12:29] myapp.INFO: > GET /v1/ [] []
[2012-09-07 22:12:29] myapp.INFO: < 200 [] []
[2012-09-07 22:12:42] myapp.INFO: > GET /v1/ [] []
[2012-09-07 22:12:42] myapp.INFO: < 200 [] []
[2012-09-07 22:23:40] myapp.INFO: > GET /v1/ [] []
[2012-09-07 22:23:40] myapp.INFO: < 200 [] []
[2012-09-07 22:23:42] myapp.INFO: > GET / [] []
[2012-09-07 22:23:42] myapp.INFO: < 400 [] []
[2012-09-07 19:33:43] myapp.INFO: > GET /html/ [] []
[2012-09-07 19:33:43] myapp.INFO: < 400 [] []
[2012-09-07 19:34:35] myapp.INFO: > GET /html/ [] []
[2012-09-07 19:34:35] myapp.ERROR: No route found for "GET /html/" [] []
[2012-09-07 19:34:35] myapp.INFO: < 404 [] []
[2012-09-07 19:34:35] myapp.INFO: > GET /favicon.ico [] []
[2012-09-07 19:34:35] myapp.ERROR: No route found for "GET /favicon.ico" [] []
[2012-09-07 19:34:35] myapp.INFO: < 404 [] []
[2012-09-07 19:35:29] myapp.INFO: > GET /html/ [] []
[2012-09-07 19:35:29] myapp.ERROR: No route found for "GET /html/" [] []
[2012-09-07 19:35:29] myapp.INFO: < 404 [] []
[2012-09-07 19:35:29] myapp.INFO: > GET /favicon.ico [] []
[2012-09-07 19:35:29] myapp.ERROR: No route found for "GET /favicon.ico" [] []
[2012-09-07 19:35:29] myapp.INFO: < 404 [] []
[2012-09-07 19:36:35] myapp.INFO: > GET /html/ [] []
[2012-09-07 19:36:35] myapp.ERROR: No route found for "GET /html/" [] []
[2012-09-07 19:36:35] myapp.INFO: < 404 [] []
[2012-09-07 19:36:35] myapp.INFO: > GET /favicon.ico [] []
[2012-09-07 19:36:35] myapp.ERROR: No route found for "GET /favicon.ico" [] []
[2012-09-07 19:36:35] myapp.INFO: < 404 [] []
[2012-09-07 19:37:18] myapp.INFO: > GET /html/ [] []
[2012-09-07 19:37:18] myapp.ERROR: No route found for "GET /html/" [] []
[2012-09-07 19:37:19] myapp.INFO: < 404 [] []
[2012-09-07 19:37:19] myapp.INFO: > GET /favicon.ico [] []
[2012-09-07 19:37:19] myapp.ERROR: No route found for "GET /favicon.ico" [] []
[2012-09-07 19:37:19] myapp.INFO: < 404 [] []
[2012-09-07 19:37:41] myapp.INFO: > GET /html/ [] []
[2012-09-07 19:37:41] myapp.ERROR: No route found for "GET /html/" [] []
[2012-09-07 19:37:41] myapp.INFO: < 404 [] []
[2012-09-07 19:37:41] myapp.INFO: > GET /favicon.ico [] []
[2012-09-07 19:37:41] myapp.ERROR: No route found for "GET /favicon.ico" [] []
[2012-09-07 19:37:41] myapp.INFO: < 404 [] []
[2012-09-07 19:38:02] myapp.INFO: > GET /html/ [] []
[2012-09-07 19:38:02] myapp.ERROR: No route found for "GET /html/" [] []
[2012-09-07 19:38:02] myapp.INFO: < 404 [] []
[2012-09-07 19:38:02] myapp.INFO: > GET /favicon.ico [] []
[2012-09-07 19:38:02] myapp.ERROR: No route found for "GET /favicon.ico" [] []
[2012-09-07 19:38:02] myapp.INFO: < 404 [] []
[2012-09-07 19:38:07] myapp.INFO: > GET / [] []
[2012-09-07 19:38:07] myapp.INFO: < 400 [] []
[2012-09-07 19:38:07] myapp.INFO: > GET /favicon.ico [] []
[2012-09-07 19:38:07] myapp.ERROR: No route found for "GET /favicon.ico" [] []
[2012-09-07 19:38:07] myapp.INFO: < 404 [] []
[2012-09-07 19:40:29] myapp.INFO: > GET / [] []
[2012-09-07 19:40:29] myapp.INFO: < 400 [] []
[2012-09-07 19:40:29] myapp.INFO: > GET /favicon.ico [] []
[2012-09-07 19:40:29] myapp.ERROR: No route found for "GET /favicon.ico" [] []
[2012-09-07 19:40:29] myapp.INFO: < 404 [] []
[2012-09-07 19:40:34] myapp.INFO: > GET / [] []
[2012-09-07 19:40:34] myapp.INFO: < 400 [] []
[2012-09-07 19:40:37] myapp.INFO: > GET / [] []
[2012-09-07 19:40:37] myapp.INFO: < 400 [] []
[2012-09-07 19:41:29] myapp.INFO: > GET / [] []
[2012-09-07 19:41:29] myapp.INFO: < 400 [] []
[2012-09-07 19:41:30] myapp.INFO: > GET /favicon.ico [] []
[2012-09-07 19:41:30] myapp.ERROR: No route found for "GET /favicon.ico" [] []
[2012-09-07 19:41:30] myapp.INFO: < 404 [] []
[2012-09-07 19:41:42] myapp.INFO: > GET / [] []
[2012-09-07 19:41:42] myapp.INFO: < 400 [] []
[2012-09-07 19:41:42] myapp.INFO: > GET /favicon.ico [] []
[2012-09-07 19:41:42] myapp.ERROR: No route found for "GET /favicon.ico" [] []
[2012-09-07 19:41:42] myapp.INFO: < 404 [] []
[2012-09-07 19:41:52] myapp.INFO: > GET / [] []
[2012-09-07 19:41:52] myapp.INFO: < 400 [] []
[2012-09-07 19:41:53] myapp.INFO: > GET /favicon.ico [] []
[2012-09-07 19:41:53] myapp.ERROR: No route found for "GET /favicon.ico" [] []
[2012-09-07 19:41:53] myapp.INFO: < 404 [] []
[2012-09-08 03:16:07] myapp.INFO: > GET / [] []
[2012-09-08 03:16:07] myapp.INFO: < 400 [] []
[2012-09-08 03:16:07] myapp.INFO: > GET /favicon.ico [] []
[2012-09-08 03:16:07] myapp.ERROR: No route found for "GET /favicon.ico" [] []
[2012-09-08 03:16:07] myapp.INFO: < 404 [] []
[2012-09-08 03:16:08] myapp.INFO: > GET / [] []
[2012-09-08 03:16:08] myapp.INFO: < 400 [] []
[2012-09-08 03:16:08] myapp.INFO: > GET /favicon.ico [] []
[2012-09-08 03:16:08] myapp.ERROR: No route found for "GET /favicon.ico" [] []
[2012-09-08 03:16:08] myapp.INFO: < 404 [] []
[2012-09-08 03:16:09] myapp.INFO: > GET / [] []
[2012-09-08 03:16:09] myapp.INFO: < 400 [] []
[2012-09-08 03:16:09] myapp.INFO: > GET /favicon.ico [] []
[2012-09-08 03:16:09] myapp.ERROR: No route found for "GET /favicon.ico" [] []
[2012-09-08 03:16:09] myapp.INFO: < 404 [] []
[2012-09-08 03:18:05] myapp.INFO: > GET / [] []
[2012-09-08 03:18:05] myapp.INFO: < 400 [] []
[2012-09-08 03:18:05] myapp.INFO: > GET /favicon.ico [] []
[2012-09-08 03:18:05] myapp.ERROR: No route found for "GET /favicon.ico" [] []
[2012-09-08 03:18:05] myapp.INFO: < 404 [] []
[2012-09-08 03:18:15] myapp.INFO: > GET / [] []
[2012-09-08 03:18:15] myapp.INFO: < 400 [] []
[2012-09-08 03:18:15] myapp.INFO: > GET /favicon.ico [] []
[2012-09-08 03:18:15] myapp.ERROR: No route found for "GET /favicon.ico" [] []
[2012-09-08 03:18:15] myapp.INFO: < 404 [] []
[2012-09-08 03:18:40] myapp.INFO: > GET / [] []
[2012-09-08 03:18:40] myapp.INFO: < 400 [] []
[2012-09-08 03:18:40] myapp.INFO: > GET /favicon.ico [] []
[2012-09-08 03:18:40] myapp.ERROR: No route found for "GET /favicon.ico" [] []
[2012-09-08 03:18:40] myapp.INFO: < 404 [] []
[2012-09-08 03:18:58] myapp.INFO: > GET / [] []
[2012-09-08 03:18:58] myapp.INFO: < 400 [] []
[2012-09-08 03:18:58] myapp.INFO: > GET /favicon.ico [] []
[2012-09-08 03:18:58] myapp.ERROR: No route found for "GET /favicon.ico" [] []
[2012-09-08 03:18:58] myapp.INFO: < 404 [] []
[2012-09-08 03:19:13] myapp.INFO: > GET /favicon.ico [] []
[2012-09-08 03:19:13] myapp.ERROR: No route found for "GET /favicon.ico" [] []
[2012-09-08 03:19:13] myapp.INFO: < 404 [] []
[2012-09-08 03:23:05] myapp.INFO: > GET / [] []
[2012-09-08 03:23:05] myapp.INFO: < 400 [] []
[2012-09-08 03:23:05] myapp.INFO: > GET /favicon.ico [] []
[2012-09-08 03:23:05] myapp.ERROR: No route found for "GET /favicon.ico" [] []
[2012-09-08 03:23:05] myapp.INFO: < 404 [] []
[2012-09-08 03:23:39] myapp.INFO: > GET / [] []
[2012-09-08 03:23:39] myapp.INFO: < 200 [] []
[2012-09-08 03:23:39] myapp.INFO: > GET /favicon.ico [] []
[2012-09-08 03:23:39] myapp.ERROR: No route found for "GET /favicon.ico" [] []
[2012-09-08 03:23:39] myapp.INFO: < 404 [] []
[2012-09-08 03:23:56] myapp.INFO: > GET / [] []
[2012-09-08 03:23:56] myapp.INFO: < 400 [] []
[2012-09-08 03:23:56] myapp.INFO: > GET /favicon.ico [] []
[2012-09-08 03:23:56] myapp.ERROR: No route found for "GET /favicon.ico" [] []
[2012-09-08 03:23:56] myapp.INFO: < 404 [] []
[2012-09-08 03:24:33] myapp.INFO: > GET / [] []
[2012-09-08 03:24:33] myapp.INFO: < 400 [] []
[2012-09-08 03:24:33] myapp.INFO: > GET /favicon.ico [] []
[2012-09-08 03:24:33] myapp.ERROR: No route found for "GET /favicon.ico" [] []
[2012-09-08 03:24:33] myapp.INFO: < 404 [] []
[2012-09-08 03:24:49] myapp.INFO: > GET / [] []
[2012-09-08 03:24:49] myapp.INFO: < 400 [] []
[2012-09-08 03:24:49] myapp.INFO: > GET /favicon.ico [] []
[2012-09-08 03:24:49] myapp.ERROR: No route found for "GET /favicon.ico" [] []
[2012-09-08 03:24:49] myapp.INFO: < 404 [] []
[2012-09-08 03:24:57] myapp.INFO: > GET /v1 [] []
[2012-09-08 03:24:57] myapp.INFO: < 301 [] []
[2012-09-08 03:24:57] myapp.INFO: > GET /v1/ [] []
[2012-09-08 03:24:57] myapp.INFO: < 200 [] []
[2012-09-08 03:24:57] myapp.INFO: > GET /favicon.ico [] []
[2012-09-08 03:24:57] myapp.ERROR: No route found for "GET /favicon.ico" [] []
[2012-09-08 03:24:57] myapp.INFO: < 404 [] []
[2012-09-08 03:25:03] myapp.INFO: > GET /v1/ [] []
[2012-09-08 03:25:03] myapp.INFO: < 200 [] []
[2012-09-08 03:25:03] myapp.INFO: > GET /favicon.ico [] []
[2012-09-08 03:25:03] myapp.ERROR: No route found for "GET /favicon.ico" [] []
[2012-09-08 03:25:03] myapp.INFO: < 404 [] []
[2012-09-08 03:25:11] myapp.INFO: > GET /v1 [] []
[2012-09-08 03:25:11] myapp.INFO: < 301 [] []
[2012-09-08 03:25:11] myapp.INFO: > GET /v1/ [] []
[2012-09-08 03:25:11] myapp.INFO: < 200 [] []
[2012-09-08 03:25:11] myapp.INFO: > GET /favicon.ico [] []
[2012-09-08 03:25:11] myapp.ERROR: No route found for "GET /favicon.ico" [] []
[2012-09-08 03:25:11] myapp.INFO: < 404 [] []
[2012-09-08 03:25:13] myapp.INFO: > GET /v1 [] []
[2012-09-08 03:25:13] myapp.INFO: < 301 [] []
[2012-09-08 03:25:13] myapp.INFO: > GET /v1/ [] []
[2012-09-08 03:25:13] myapp.INFO: < 200 [] []
[2012-09-08 03:25:13] myapp.INFO: > GET /favicon.ico [] []
[2012-09-08 03:25:13] myapp.ERROR: No route found for "GET /favicon.ico" [] []
[2012-09-08 03:25:13] myapp.INFO: < 404 [] []
[2012-09-08 03:25:20] myapp.INFO: > GET /v1/user/search [] []
[2012-09-08 03:25:20] myapp.ERROR: No route found for "GET /v1/user/search" [] []
[2012-09-08 03:25:20] myapp.INFO: < 404 [] []
[2012-09-08 03:25:20] myapp.INFO: > GET /favicon.ico [] []
[2012-09-08 03:25:20] myapp.ERROR: No route found for "GET /favicon.ico" [] []
[2012-09-08 03:25:20] myapp.INFO: < 404 [] []
[2012-09-08 16:07:42] myapp.INFO: > GET /v1/user/search [] []
[2012-09-08 16:07:42] myapp.ERROR: No route found for "GET /v1/user/search" [] []
[2012-09-08 16:07:42] myapp.INFO: < 404 [] []
[2012-09-08 16:07:43] myapp.INFO: > GET /favicon.ico [] []
[2012-09-08 16:07:43] myapp.ERROR: No route found for "GET /favicon.ico" [] []
[2012-09-08 16:07:43] myapp.INFO: < 404 [] []
[2012-09-08 16:17:22] myapp.INFO: > GET / [] []
[2012-09-08 16:17:22] myapp.INFO: < 400 [] []
[2012-09-08 16:17:22] myapp.INFO: > GET /favicon.ico [] []
[2012-09-08 16:17:22] myapp.ERROR: No route found for "GET /favicon.ico" [] []
[2012-09-08 16:17:22] myapp.INFO: < 404 [] []
[2012-09-08 16:33:25] myapp.INFO: > GET / [] []
[2012-09-08 16:33:25] myapp.INFO: < 400 [] []
[2012-09-08 16:33:25] myapp.INFO: > GET /favicon.ico [] []
[2012-09-08 16:33:25] myapp.ERROR: No route found for "GET /favicon.ico" [] []
[2012-09-08 16:33:25] myapp.INFO: < 400 [] []
[2012-09-08 16:33:29] myapp.INFO: > GET /v1 [] []
[2012-09-08 16:33:29] myapp.INFO: < 301 [] []
[2012-09-08 16:33:29] myapp.INFO: > GET /v1/ [] []
[2012-09-08 16:33:29] myapp.INFO: < 200 [] []
[2012-09-08 16:33:29] myapp.INFO: > GET /favicon.ico [] []
[2012-09-08 16:33:29] myapp.ERROR: No route found for "GET /favicon.ico" [] []
[2012-09-08 16:33:29] myapp.INFO: < 400 [] []
[2012-09-08 16:33:38] myapp.INFO: > GET /v1/ [] []
[2012-09-08 16:33:38] myapp.INFO: < 200 [] []
[2012-09-08 16:33:38] myapp.INFO: > GET /favicon.ico [] []
[2012-09-08 16:33:38] myapp.ERROR: No route found for "GET /favicon.ico" [] []
[2012-09-08 16:33:38] myapp.INFO: < 400 [] []
[2012-09-08 16:33:40] myapp.INFO: > GET /v1/asd [] []
[2012-09-08 16:33:40] myapp.ERROR: No route found for "GET /v1/asd" [] []
[2012-09-08 16:33:40] myapp.INFO: < 400 [] []
[2012-09-08 16:33:40] myapp.INFO: > GET /favicon.ico [] []
[2012-09-08 16:33:40] myapp.ERROR: No route found for "GET /favicon.ico" [] []
[2012-09-08 16:33:40] myapp.INFO: < 400 [] []
[2012-09-08 16:33:51] myapp.INFO: > GET /v1/user/search [] []
[2012-09-08 16:33:51] myapp.ERROR: No route found for "GET /v1/user/search" [] []
[2012-09-08 16:33:51] myapp.INFO: < 400 [] []
[2012-09-08 16:33:51] myapp.INFO: > GET /favicon.ico [] []
[2012-09-08 16:33:51] myapp.ERROR: No route found for "GET /favicon.ico" [] []
[2012-09-08 16:33:51] myapp.INFO: < 400 [] []
[2012-09-08 16:34:06] myapp.INFO: > GET /v1/user/search [] []
[2012-09-08 16:34:06] myapp.ERROR: No route found for "GET /v1/user/search" [] []
[2012-09-08 16:34:06] myapp.INFO: < 404 [] []
[2012-09-08 16:34:06] myapp.INFO: > GET /favicon.ico [] []
[2012-09-08 16:34:06] myapp.ERROR: No route found for "GET /favicon.ico" [] []
[2012-09-08 16:34:06] myapp.INFO: < 404 [] []
[2012-09-08 16:35:11] myapp.INFO: > GET /v1/user/search [] []
[2012-09-08 16:35:11] myapp.ERROR: No route found for "GET /v1/user/search" [] []
[2012-09-08 16:35:11] myapp.INFO: < 404 [] []
[2012-09-08 16:35:11] myapp.INFO: > GET /favicon.ico [] []
[2012-09-08 16:35:11] myapp.ERROR: No route found for "GET /favicon.ico" [] []
[2012-09-08 16:35:11] myapp.INFO: < 404 [] []
[2012-09-08 16:46:07] myapp.INFO: > GET /v1/ [] []
[2012-09-08 16:46:07] myapp.INFO: < 200 [] []
[2012-09-08 16:46:07] myapp.INFO: > GET /favicon.ico [] []
[2012-09-08 16:46:07] myapp.ERROR: No route found for "GET /favicon.ico" [] []
[2012-09-08 16:46:07] myapp.INFO: < 404 [] []
[2012-09-08 16:46:11] myapp.INFO: > GET / [] []
[2012-09-08 16:46:11] myapp.INFO: < 400 [] []
[2012-09-08 16:46:11] myapp.INFO: > GET /favicon.ico [] []
[2012-09-08 16:46:11] myapp.ERROR: No route found for "GET /favicon.ico" [] []
[2012-09-08 16:46:11] myapp.INFO: < 404 [] []
[2012-09-08 16:59:05] myapp.INFO: > GET / [] []
[2012-09-08 16:59:05] myapp.ERROR: No route found for "GET /" [] []
[2012-09-08 16:59:05] myapp.INFO: < 404 [] []
[2012-09-08 16:59:06] myapp.INFO: > GET /favicon.ico [] []
[2012-09-08 16:59:06] myapp.ERROR: No route found for "GET /favicon.ico" [] []
[2012-09-08 16:59:06] myapp.INFO: < 404 [] []
[2012-09-08 16:59:11] myapp.INFO: > GET /we [] []
[2012-09-08 16:59:11] myapp.ERROR: No route found for "GET /we" [] []
[2012-09-08 16:59:11] myapp.INFO: < 404 [] []
[2012-09-08 16:59:11] myapp.INFO: > GET /favicon.ico [] []
[2012-09-08 16:59:11] myapp.ERROR: No route found for "GET /favicon.ico" [] []
[2012-09-08 16:59:11] myapp.INFO: < 404 [] []
[2012-09-08 16:59:16] myapp.INFO: > GET /v1 [] []
[2012-09-08 16:59:16] myapp.INFO: < 301 [] []
[2012-09-08 16:59:16] myapp.INFO: > GET /v1/ [] []
[2012-09-08 16:59:16] myapp.INFO: < 200 [] []
[2012-09-08 16:59:17] myapp.INFO: > GET /favicon.ico [] []
[2012-09-08 16:59:17] myapp.ERROR: No route found for "GET /favicon.ico" [] []
[2012-09-08 16:59:17] myapp.INFO: < 404 [] []
[2012-09-08 16:59:19] myapp.INFO: > GET /v1/sd [] []
[2012-09-08 16:59:19] myapp.ERROR: No route found for "GET /v1/sd" [] []
[2012-09-08 16:59:19] myapp.INFO: < 404 [] []
[2012-09-08 16:59:19] myapp.INFO: > GET /favicon.ico [] []
[2012-09-08 16:59:19] myapp.ERROR: No route found for "GET /favicon.ico" [] []
[2012-09-08 16:59:19] myapp.INFO: < 404 [] []
[2012-09-08 16:59:55] myapp.INFO: > GET /v1/sd [] []
[2012-09-08 16:59:55] myapp.ERROR: No route found for "GET /v1/sd" [] []
[2012-09-08 16:59:55] myapp.INFO: < 404 [] []
[2012-09-08 16:59:55] myapp.INFO: > GET /favicon.ico [] []
[2012-09-08 16:59:55] myapp.ERROR: No route found for "GET /favicon.ico" [] []
[2012-09-08 16:59:55] myapp.INFO: < 404 [] []
[2012-09-08 16:59:58] myapp.INFO: > GET /v1 [] []
[2012-09-08 16:59:58] myapp.INFO: < 301 [] []
[2012-09-08 16:59:58] myapp.INFO: > GET /v1/ [] []
[2012-09-08 16:59:58] myapp.INFO: < 200 [] []
[2012-09-08 16:59:58] myapp.INFO: > GET / [] []
[2012-09-08 16:59:58] myapp.INFO: < 400 [] []
[2012-09-08 16:59:58] myapp.INFO: > GET /favicon.ico [] []
[2012-09-08 16:59:58] myapp.ERROR: No route found for "GET /favicon.ico" [] []
[2012-09-08 16:59:58] myapp.INFO: < 404 [] []
[2012-09-08 17:00:14] myapp.INFO: > GET / [] []
[2012-09-08 17:00:14] myapp.INFO: < 400 [] []
[2012-09-08 17:00:14] myapp.INFO: > GET /favicon.ico [] []
[2012-09-08 17:00:14] myapp.ERROR: No route found for "GET /favicon.ico" [] []
[2012-09-08 17:00:14] myapp.INFO: < 404 [] []
[2012-09-08 17:00:38] myapp.INFO: > GET / [] []
[2012-09-08 17:00:38] myapp.ERROR: No route found for "GET /" [] []
[2012-09-08 17:00:38] myapp.INFO: < 404 [] []
[2012-09-08 17:00:38] myapp.INFO: > GET /favicon.ico [] []
[2012-09-08 17:00:38] myapp.ERROR: No route found for "GET /favicon.ico" [] []
[2012-09-08 17:00:38] myapp.INFO: < 404 [] []
[2012-09-08 17:00:39] myapp.INFO: > GET / [] []
[2012-09-08 17:00:39] myapp.ERROR: No route found for "GET /" [] []
[2012-09-08 17:00:39] myapp.INFO: < 404 [] []
[2012-09-08 17:00:39] myapp.INFO: > GET /favicon.ico [] []
[2012-09-08 17:00:39] myapp.ERROR: No route found for "GET /favicon.ico" [] []
[2012-09-08 17:00:39] myapp.INFO: < 404 [] []
[2012-09-08 17:00:50] myapp.INFO: > GET / [] []
[2012-09-08 17:00:50] myapp.ERROR: No route found for "GET /" [] []
[2012-09-08 17:00:50] myapp.INFO: < 404 [] []
[2012-09-08 17:00:51] myapp.INFO: > GET /favicon.ico [] []
[2012-09-08 17:00:51] myapp.ERROR: No route found for "GET /favicon.ico" [] []
[2012-09-08 17:00:51] myapp.INFO: < 404 [] []
[2012-09-08 17:00:59] myapp.INFO: > GET / [] []
[2012-09-08 17:00:59] myapp.ERROR: No route found for "GET /" [] []
[2012-09-08 17:00:59] myapp.INFO: < 404 [] []
[2012-09-08 17:00:59] myapp.INFO: > GET /favicon.ico [] []
[2012-09-08 17:00:59] myapp.ERROR: No route found for "GET /favicon.ico" [] []
[2012-09-08 17:00:59] myapp.INFO: < 404 [] []
[2012-09-08 17:01:31] myapp.INFO: > GET / [] []
[2012-09-08 17:01:31] myapp.ERROR: No route found for "GET /" [] []
[2012-09-08 17:01:31] myapp.INFO: < 404 [] []
[2012-09-08 17:01:31] myapp.INFO: > GET /favicon.ico [] []
[2012-09-08 17:01:31] myapp.ERROR: No route found for "GET /favicon.ico" [] []
[2012-09-08 17:01:31] myapp.INFO: < 404 [] []
[2012-09-08 17:01:34] myapp.INFO: > GET /v1 [] []
[2012-09-08 17:01:34] myapp.INFO: < 301 [] []
[2012-09-08 17:01:34] myapp.INFO: > GET /v1/ [] []
[2012-09-08 17:01:34] myapp.INFO: < 200 [] []
[2012-09-08 17:01:34] myapp.INFO: > GET /favicon.ico [] []
[2012-09-08 17:01:34] myapp.ERROR: No route found for "GET /favicon.ico" [] []
[2012-09-08 17:01:34] myapp.INFO: < 404 [] []
[2012-09-08 17:04:01] myapp.INFO: > GET / [] []
[2012-09-08 17:04:01] myapp.ERROR: No route found for "GET /" [] []
[2012-09-08 17:04:01] myapp.INFO: < 404 [] []
[2012-09-08 17:04:02] myapp.INFO: > GET /favicon.ico [] []
[2012-09-08 17:04:02] myapp.ERROR: No route found for "GET /favicon.ico" [] []
[2012-09-08 17:04:02] myapp.INFO: < 404 [] []
[2012-09-08 17:05:00] myapp.INFO: > GET / [] []
[2012-09-08 17:05:00] myapp.ERROR: No route found for "GET /" [] []
[2012-09-08 17:05:00] myapp.INFO: < 404 [] []
[2012-09-08 17:05:01] myapp.INFO: > GET /favicon.ico [] []
[2012-09-08 17:05:01] myapp.ERROR: No route found for "GET /favicon.ico" [] []
[2012-09-08 17:05:01] myapp.INFO: < 404 [] []
[2012-09-08 17:05:09] myapp.INFO: > GET / [] []
[2012-09-08 17:05:09] myapp.ERROR: No route found for "GET /" [] []
[2012-09-08 17:05:09] myapp.INFO: < 404 [] []
[2012-09-08 17:05:09] myapp.INFO: > GET /favicon.ico [] []
[2012-09-08 17:05:09] myapp.ERROR: No route found for "GET /favicon.ico" [] []
[2012-09-08 17:05:09] myapp.INFO: < 404 [] []
[2012-09-08 17:05:16] myapp.INFO: > GET / [] []
[2012-09-08 17:05:16] myapp.ERROR: No route found for "GET /" [] []
[2012-09-08 17:05:16] myapp.INFO: < 404 [] []
[2012-09-08 17:05:16] myapp.INFO: > GET /favicon.ico [] []
[2012-09-08 17:05:16] myapp.ERROR: No route found for "GET /favicon.ico" [] []
[2012-09-08 17:05:16] myapp.INFO: < 404 [] []
[2012-09-08 17:05:24] myapp.INFO: > GET /favicon.ico [] []
[2012-09-08 17:05:24] myapp.ERROR: No route found for "GET /favicon.ico" [] []
[2012-09-08 17:05:24] myapp.INFO: < 404 [] []
[2012-09-08 17:06:34] myapp.INFO: > GET /v1/ [] []
[2012-09-08 17:06:34] myapp.INFO: < 200 [] []
[2012-09-08 17:06:34] myapp.INFO: > GET /favicon.ico [] []
[2012-09-08 17:06:34] myapp.ERROR: No route found for "GET /favicon.ico" [] []
[2012-09-08 17:06:34] myapp.INFO: < 404 [] []
[2012-09-08 17:07:07] myapp.INFO: > GET /v1/ [] []
[2012-09-08 17:07:07] myapp.INFO: < 200 [] []
[2012-09-08 17:07:08] myapp.INFO: > GET /favicon.ico [] []
[2012-09-08 17:07:08] myapp.ERROR: No route found for "GET /favicon.ico" [] []
[2012-09-08 17:07:08] myapp.INFO: < 404 [] []
[2012-09-08 17:58:13] myapp.INFO: > GET /v1/ [] []
[2012-09-08 17:58:13] myapp.INFO: < 200 [] []
[2012-09-08 17:58:13] myapp.INFO: > GET /favicon.ico [] []
[2012-09-08 17:58:13] myapp.ERROR: No route found for "GET /favicon.ico" [] []
[2012-09-08 17:58:13] myapp.INFO: < 404 [] []
[2012-09-08 17:58:17] myapp.INFO: > GET / [] []
[2012-09-08 17:58:17] myapp.ERROR: No route found for "GET /" [] []
[2012-09-08 17:58:17] myapp.INFO: < 404 [] []
[2012-09-08 17:58:17] myapp.INFO: > GET /favicon.ico [] []
[2012-09-08 17:58:17] myapp.ERROR: No route found for "GET /favicon.ico" [] []
[2012-09-08 17:58:17] myapp.INFO: < 404 [] []
[2012-09-08 17:58:26] myapp.INFO: > GET /favicon.ico [] []
[2012-09-08 17:58:26] myapp.ERROR: No route found for "GET /favicon.ico" [] []
[2012-09-08 17:58:26] myapp.INFO: < 404 [] []
[2012-09-08 17:58:27] myapp.INFO: > GET /v1/ [] []
[2012-09-08 17:58:27] myapp.ERROR: No route found for "GET /v1/" [] []
[2012-09-08 17:58:27] myapp.INFO: < 404 [] []
[2012-09-08 17:58:27] myapp.INFO: > GET /favicon.ico [] []
[2012-09-08 17:58:27] myapp.ERROR: No route found for "GET /favicon.ico" [] []
[2012-09-08 17:58:27] myapp.INFO: < 404 [] []
[2012-09-08 17:58:27] myapp.INFO: > GET /v1/ [] []
[2012-09-08 17:58:27] myapp.ERROR: No route found for "GET /v1/" [] []
[2012-09-08 17:58:27] myapp.INFO: < 404 [] []
[2012-09-08 17:58:28] myapp.INFO: > GET /favicon.ico [] []
[2012-09-08 17:58:28] myapp.ERROR: No route found for "GET /favicon.ico" [] []
[2012-09-08 17:58:28] myapp.INFO: < 404 [] []
[2012-09-08 17:58:31] myapp.INFO: > GET /v1/user/search [] []
[2012-09-08 17:58:31] myapp.INFO: < 200 [] []
[2012-09-08 17:58:31] myapp.INFO: > GET /favicon.ico [] []
[2012-09-08 17:58:31] myapp.ERROR: No route found for "GET /favicon.ico" [] []
[2012-09-08 17:58:31] myapp.INFO: < 404 [] []
[2012-09-08 17:58:33] myapp.INFO: > GET /v1/user/ [] []
[2012-09-08 17:58:33] myapp.ERROR: No route found for "GET /v1/user/" [] []
[2012-09-08 17:58:33] myapp.INFO: < 404 [] []
[2012-09-08 17:58:34] myapp.INFO: > GET /favicon.ico [] []
[2012-09-08 17:58:34] myapp.ERROR: No route found for "GET /favicon.ico" [] []
[2012-09-08 17:58:34] myapp.INFO: < 404 [] []
[2012-09-08 17:59:13] myapp.INFO: > GET /v1/user/ [] []
[2012-09-08 17:59:13] myapp.ERROR: No route found for "GET /v1/user/" [] []
[2012-09-08 17:59:13] myapp.INFO: < 404 [] []
[2012-09-08 17:59:13] myapp.INFO: > GET /favicon.ico [] []
[2012-09-08 17:59:13] myapp.ERROR: No route found for "GET /favicon.ico" [] []
[2012-09-08 17:59:13] myapp.INFO: < 404 [] []
[2012-09-08 17:59:30] myapp.INFO: > GET /v1/user/ [] []
[2012-09-08 17:59:30] myapp.ERROR: No route found for "GET /v1/user/" [] []
[2012-09-08 17:59:30] myapp.INFO: < 404 [] []
[2012-09-08 17:59:31] myapp.INFO: > GET /favicon.ico [] []
[2012-09-08 17:59:31] myapp.ERROR: No route found for "GET /favicon.ico" [] []
[2012-09-08 17:59:31] myapp.INFO: < 404 [] []
[2012-09-08 17:59:33] myapp.INFO: > GET /v1/user/get [] []
[2012-09-08 17:59:33] myapp.INFO: < 200 [] []
[2012-09-08 17:59:33] myapp.INFO: > GET /favicon.ico [] []
[2012-09-08 17:59:33] myapp.ERROR: No route found for "GET /favicon.ico" [] []
[2012-09-08 17:59:33] myapp.INFO: < 404 [] []
[2012-09-08 17:59:41] myapp.INFO: > GET /v1/user/search [] []
[2012-09-08 17:59:41] myapp.INFO: < 200 [] []
[2012-09-08 17:59:41] myapp.INFO: > GET /favicon.ico [] []
[2012-09-08 17:59:41] myapp.ERROR: No route found for "GET /favicon.ico" [] []
[2012-09-08 17:59:41] myapp.INFO: < 404 [] []
[2012-09-08 17:59:55] myapp.INFO: > GET /v1/user/search [] []
[2012-09-08 17:59:55] myapp.INFO: < 200 [] []
[2012-09-08 17:59:55] myapp.INFO: > GET /favicon.ico [] []
[2012-09-08 17:59:55] myapp.ERROR: No route found for "GET /favicon.ico" [] []
[2012-09-08 17:59:55] myapp.INFO: < 404 [] []
[2012-09-08 18:00:22] myapp.INFO: > GET /v1/user/search [] []
[2012-09-08 18:00:22] myapp.INFO: < 200 [] []
[2012-09-08 18:00:23] myapp.INFO: > GET /favicon.ico [] []
[2012-09-08 18:00:23] myapp.ERROR: No route found for "GET /favicon.ico" [] []
[2012-09-08 18:00:23] myapp.INFO: < 404 [] []
[2012-09-08 18:00:25] myapp.INFO: > GET /v1 [] []
[2012-09-08 18:00:25] myapp.ERROR: No route found for "GET /v1" [] []
[2012-09-08 18:00:25] myapp.INFO: < 404 [] []
[2012-09-08 18:00:25] myapp.INFO: > GET /favicon.ico [] []
[2012-09-08 18:00:25] myapp.ERROR: No route found for "GET /favicon.ico" [] []
[2012-09-08 18:00:25] myapp.INFO: < 404 [] []
[2012-09-08 18:00:48] myapp.INFO: > GET / [] []
[2012-09-08 18:00:48] myapp.ERROR: No route found for "GET /" [] []
[2012-09-08 18:00:48] myapp.INFO: < 404 [] []
[2012-09-08 18:00:48] myapp.INFO: > GET /favicon.ico [] []
[2012-09-08 18:00:48] myapp.ERROR: No route found for "GET /favicon.ico" [] []
[2012-09-08 18:00:48] myapp.INFO: < 404 [] []
[2012-09-08 18:08:42] myapp.INFO: > GET / [] []
[2012-09-08 18:08:42] myapp.ERROR: No route found for "GET /" [] []
[2012-09-08 18:08:42] myapp.INFO: < 404 [] []
[2012-09-08 18:08:42] myapp.INFO: > GET /favicon.ico [] []
[2012-09-08 18:08:42] myapp.ERROR: No route found for "GET /favicon.ico" [] []
[2012-09-08 18:08:42] myapp.INFO: < 404 [] []
[2012-09-08 18:08:46] myapp.INFO: > GET /v1 [] []
[2012-09-08 18:08:46] myapp.ERROR: No route found for "GET /v1" [] []
[2012-09-08 18:08:46] myapp.INFO: < 404 [] []
[2012-09-08 18:08:48] myapp.INFO: > GET /v1/user/search [] []
[2012-09-08 18:08:48] myapp.INFO: < 200 [] []
[2012-09-08 18:08:48] myapp.INFO: > GET /favicon.ico [] []
[2012-09-08 18:08:48] myapp.ERROR: No route found for "GET /favicon.ico" [] []
[2012-09-08 18:08:48] myapp.INFO: < 404 [] []
[2012-09-08 18:08:53] myapp.INFO: > GET /v1/user/get [] []
[2012-09-08 18:08:53] myapp.INFO: < 200 [] []
[2012-09-08 18:08:54] myapp.INFO: > GET /favicon.ico [] []
[2012-09-08 18:08:54] myapp.ERROR: No route found for "GET /favicon.ico" [] []
[2012-09-08 18:08:54] myapp.INFO: < 404 [] []
[2012-09-08 18:09:02] myapp.INFO: > GET /v1/user/search [] []
[2012-09-08 18:09:02] myapp.INFO: < 200 [] []
[2012-09-08 18:09:02] myapp.INFO: > GET /favicon.ico [] []
[2012-09-08 18:09:02] myapp.ERROR: No route found for "GET /favicon.ico" [] []
[2012-09-08 18:09:02] myapp.INFO: < 404 [] []
[2012-09-08 18:09:04] myapp.INFO: > GET /v1/user/get [] []
[2012-09-08 18:09:04] myapp.INFO: < 200 [] []
[2012-09-08 18:09:04] myapp.INFO: > GET /favicon.ico [] []
[2012-09-08 18:09:04] myapp.ERROR: No route found for "GET /favicon.ico" [] []
[2012-09-08 18:09:04] myapp.INFO: < 404 [] []
[2012-09-08 18:11:46] myapp.INFO: > GET /user/search [] []
[2012-09-08 18:11:46] myapp.ERROR: No route found for "GET /user/search" [] []
[2012-09-08 18:11:46] myapp.INFO: < 404 [] []
[2012-09-08 18:11:46] myapp.INFO: > GET /favicon.ico [] []
[2012-09-08 18:11:46] myapp.ERROR: No route found for "GET /favicon.ico" [] []
[2012-09-08 18:11:46] myapp.INFO: < 404 [] []
[2012-09-08 18:11:47] myapp.INFO: > GET /favicon.ico [] []
[2012-09-08 18:11:47] myapp.ERROR: No route found for "GET /favicon.ico" [] []
[2012-09-08 18:11:47] myapp.INFO: < 404 [] []
[2012-09-08 18:18:00] myapp.INFO: > GET /v1/user/search [] []
[2012-09-08 18:18:00] myapp.INFO: < 200 [] []
[2012-09-08 18:18:00] myapp.INFO: > GET /favicon.ico [] []
[2012-09-08 18:18:00] myapp.ERROR: No route found for "GET /favicon.ico" [] []
[2012-09-08 18:18:00] myapp.INFO: < 404 [] []
[2012-09-08 18:18:08] myapp.INFO: > GET /v1/user/search [] []
[2012-09-08 18:18:08] myapp.INFO: < 200 [] []
[2012-09-08 18:18:08] myapp.INFO: > GET /favicon.ico [] []
[2012-09-08 18:18:08] myapp.ERROR: No route found for "GET /favicon.ico" [] []
[2012-09-08 18:18:08] myapp.INFO: < 404 [] []
[2012-09-08 18:18:17] myapp.INFO: > GET /v1/user/search [] []
[2012-09-08 18:18:17] myapp.INFO: < 200 [] []
[2012-09-08 18:18:17] myapp.INFO: > GET /favicon.ico [] []
[2012-09-08 18:18:17] myapp.ERROR: No route found for "GET /favicon.ico" [] []
[2012-09-08 18:18:17] myapp.INFO: < 404 [] []
[2012-09-08 18:18:24] myapp.INFO: > GET /v1/user/search [] []
[2012-09-08 18:18:24] myapp.INFO: < 200 [] []
[2012-09-08 18:18:24] myapp.INFO: > GET /favicon.ico [] []
[2012-09-08 18:18:24] myapp.ERROR: No route found for "GET /favicon.ico" [] []
[2012-09-08 18:18:24] myapp.INFO: < 404 [] []
[2012-09-08 18:18:43] myapp.INFO: > GET /v1/user/search [] []
[2012-09-08 18:18:43] myapp.INFO: < 200 [] []
[2012-09-08 18:18:43] myapp.INFO: > GET /favicon.ico [] []
[2012-09-08 18:18:43] myapp.ERROR: No route found for "GET /favicon.ico" [] []
[2012-09-08 18:18:43] myapp.INFO: < 404 [] []
[2012-09-08 18:19:24] myapp.INFO: > GET /v1/user/search [] []
[2012-09-08 18:19:24] myapp.INFO: < 200 [] []
[2012-09-08 18:19:24] myapp.INFO: > GET /favicon.ico [] []
[2012-09-08 18:19:24] myapp.ERROR: No route found for "GET /favicon.ico" [] []
[2012-09-08 18:19:24] myapp.INFO: < 404 [] []
[2012-09-08 18:19:24] myapp.INFO: > GET /v1/user/get [] []
[2012-09-08 18:19:24] myapp.INFO: < 200 [] []
[2012-09-08 18:19:25] myapp.INFO: > GET /favicon.ico [] []
[2012-09-08 18:19:25] myapp.ERROR: No route found for "GET /favicon.ico" [] []
[2012-09-08 18:19:25] myapp.INFO: < 404 [] []
[2012-09-08 18:19:25] myapp.INFO: > GET /v1/user/get [] []
[2012-09-08 18:19:25] myapp.INFO: < 200 [] []
[2012-09-08 18:19:25] myapp.INFO: > GET /favicon.ico [] []
[2012-09-08 18:19:25] myapp.ERROR: No route found for "GET /favicon.ico" [] []
[2012-09-08 18:19:25] myapp.INFO: < 404 [] []
[2012-09-08 18:19:31] myapp.INFO: > GET /v1/user/get [] []
[2012-09-08 18:19:31] myapp.INFO: < 200 [] []
[2012-09-08 18:19:31] myapp.INFO: > GET /favicon.ico [] []
[2012-09-08 18:19:31] myapp.ERROR: No route found for "GET /favicon.ico" [] []
[2012-09-08 18:19:31] myapp.INFO: < 404 [] []
[2012-09-08 18:19:32] myapp.INFO: > GET /v1/user/search [] []
[2012-09-08 18:19:32] myapp.INFO: < 200 [] []
[2012-09-08 18:19:32] myapp.INFO: > GET /favicon.ico [] []
[2012-09-08 18:19:32] myapp.ERROR: No route found for "GET /favicon.ico" [] []
[2012-09-08 18:19:32] myapp.INFO: < 404 [] []
[2012-09-08 18:19:52] myapp.INFO: > GET /v1/user/search [] []
[2012-09-08 18:19:52] myapp.INFO: < 200 [] []
[2012-09-08 18:19:52] myapp.INFO: > GET /favicon.ico [] []
[2012-09-08 18:19:52] myapp.ERROR: No route found for "GET /favicon.ico" [] []
[2012-09-08 18:19:52] myapp.INFO: < 404 [] []
[2012-09-08 18:20:08] myapp.INFO: > GET /v1/user/search [] []
[2012-09-08 18:20:08] myapp.INFO: < 200 [] []
[2012-09-08 18:20:08] myapp.INFO: > GET /favicon.ico [] []
[2012-09-08 18:20:08] myapp.ERROR: No route found for "GET /favicon.ico" [] []
[2012-09-08 18:20:08] myapp.INFO: < 404 [] []
[2012-09-08 18:23:00] myapp.INFO: > GET /v1/user/search [] []
[2012-09-08 18:23:00] myapp.INFO: < 200 [] []
[2012-09-08 18:23:00] myapp.INFO: > GET /favicon.ico [] []
[2012-09-08 18:23:00] myapp.ERROR: No route found for "GET /favicon.ico" [] []
[2012-09-08 18:23:00] myapp.INFO: < 404 [] []
[2012-09-08 18:23:06] myapp.INFO: > GET /v1/user/search [] []
[2012-09-08 18:23:06] myapp.INFO: < 200 [] []
[2012-09-08 18:23:06] myapp.INFO: > GET /favicon.ico [] []
[2012-09-08 18:23:06] myapp.ERROR: No route found for "GET /favicon.ico" [] []
[2012-09-08 18:23:06] myapp.INFO: < 404 [] []
[2012-09-08 18:23:10] myapp.INFO: > GET /favicon.ico [] []
[2012-09-08 18:23:10] myapp.ERROR: No route found for "GET /favicon.ico" [] []
[2012-09-08 18:23:10] myapp.INFO: < 404 [] []
[2012-09-08 18:23:19] myapp.INFO: > GET /v1/user/search [] []
[2012-09-08 18:23:19] myapp.INFO: < 200 [] []
[2012-09-08 18:23:20] myapp.INFO: > GET /favicon.ico [] []
[2012-09-08 18:23:20] myapp.ERROR: No route found for "GET /favicon.ico" [] []
[2012-09-08 18:23:20] myapp.INFO: < 404 [] []
[2012-09-08 18:23:23] myapp.INFO: > GET /v1/user/search [] []
[2012-09-08 18:23:23] myapp.INFO: < 200 [] []
[2012-09-08 18:23:23] myapp.INFO: > GET /favicon.ico [] []
[2012-09-08 18:23:23] myapp.ERROR: No route found for "GET /favicon.ico" [] []
[2012-09-08 18:23:23] myapp.INFO: < 404 [] []
[2012-09-08 18:23:52] myapp.INFO: > GET /v1/user/search [] []
[2012-09-08 18:23:52] myapp.INFO: < 200 [] []
[2012-09-08 18:23:52] myapp.INFO: > GET /favicon.ico [] []
[2012-09-08 18:23:52] myapp.ERROR: No route found for "GET /favicon.ico" [] []
[2012-09-08 18:23:52] myapp.INFO: < 404 [] []
[2012-09-08 18:23:54] myapp.INFO: > GET /v1/user/search [] []
[2012-09-08 18:23:54] myapp.INFO: < 200 [] []
[2012-09-08 18:23:55] myapp.INFO: > GET /favicon.ico [] []
[2012-09-08 18:23:55] myapp.ERROR: No route found for "GET /favicon.ico" [] []
[2012-09-08 18:23:55] myapp.INFO: < 404 [] []
[2012-09-08 18:24:30] myapp.INFO: > GET /v1/user/search [] []
[2012-09-08 18:24:30] myapp.INFO: < 200 [] []
[2012-09-08 18:24:30] myapp.INFO: > GET /favicon.ico [] []
[2012-09-08 18:24:30] myapp.ERROR: No route found for "GET /favicon.ico" [] []
[2012-09-08 18:24:30] myapp.INFO: < 404 [] []
[2012-09-08 18:25:10] myapp.INFO: > GET /v1/user/search [] []
[2012-09-08 18:25:11] myapp.INFO: > GET /favicon.ico [] []
[2012-09-08 18:25:11] myapp.ERROR: No route found for "GET /favicon.ico" [] []
[2012-09-08 18:25:11] myapp.INFO: < 404 [] []
[2012-09-08 18:25:34] myapp.INFO: > GET /v1/user/search [] []
[2012-09-08 18:25:34] myapp.INFO: > GET /favicon.ico [] []
[2012-09-08 18:25:34] myapp.ERROR: No route found for "GET /favicon.ico" [] []
[2012-09-08 18:25:34] myapp.INFO: < 404 [] []
[2012-09-08 18:26:11] myapp.INFO: > GET /v1/user/search [] []
[2012-09-08 18:26:11] myapp.INFO: > GET /favicon.ico [] []
[2012-09-08 18:26:11] myapp.ERROR: No route found for "GET /favicon.ico" [] []
[2012-09-08 18:26:11] myapp.INFO: < 404 [] []
[2012-09-08 18:27:01] myapp.INFO: > GET /v1/user/search [] []
[2012-09-08 18:27:01] myapp.INFO: > GET /favicon.ico [] []
[2012-09-08 18:27:01] myapp.ERROR: No route found for "GET /favicon.ico" [] []
[2012-09-08 18:27:01] myapp.INFO: < 404 [] []
[2012-09-08 18:27:02] myapp.INFO: > GET /v1/user/search [] []
[2012-09-08 18:27:02] myapp.INFO: > GET /favicon.ico [] []
[2012-09-08 18:27:02] myapp.ERROR: No route found for "GET /favicon.ico" [] []
[2012-09-08 18:27:02] myapp.INFO: < 404 [] []
[2012-09-08 18:27:18] myapp.INFO: > GET /v1/user/search [] []
[2012-09-08 18:27:18] myapp.INFO: > GET /favicon.ico [] []
[2012-09-08 18:27:18] myapp.ERROR: No route found for "GET /favicon.ico" [] []
[2012-09-08 18:27:18] myapp.INFO: < 404 [] []
[2012-09-08 18:27:22] myapp.INFO: > GET /v1/user/search [] []
[2012-09-08 18:27:22] myapp.INFO: < 200 [] []
[2012-09-08 18:27:22] myapp.INFO: > GET /favicon.ico [] []
[2012-09-08 18:27:22] myapp.ERROR: No route found for "GET /favicon.ico" [] []
[2012-09-08 18:27:22] myapp.INFO: < 404 [] []
[2012-09-08 18:27:29] myapp.INFO: > GET /v1/user/search [] []
[2012-09-08 18:27:29] myapp.INFO: < 200 [] []
[2012-09-08 18:27:29] myapp.INFO: > GET /favicon.ico [] []
[2012-09-08 18:27:29] myapp.ERROR: No route found for "GET /favicon.ico" [] []
[2012-09-08 18:27:29] myapp.INFO: < 404 [] []
[2012-09-08 18:27:42] myapp.INFO: > GET /v1/user/search [] []
[2012-09-08 18:27:42] myapp.INFO: < 200 [] []
[2012-09-08 18:27:43] myapp.INFO: > GET /favicon.ico [] []
[2012-09-08 18:27:43] myapp.ERROR: No route found for "GET /favicon.ico" [] []
[2012-09-08 18:27:43] myapp.INFO: < 404 [] []
[2012-09-08 18:27:51] myapp.INFO: > GET /v1/user/search [] []
[2012-09-08 18:27:51] myapp.INFO: < 200 [] []
[2012-09-08 18:27:51] myapp.INFO: > GET /favicon.ico [] []
[2012-09-08 18:27:51] myapp.ERROR: No route found for "GET /favicon.ico" [] []
[2012-09-08 18:27:51] myapp.INFO: < 404 [] []
[2012-09-08 18:27:52] myapp.INFO: > GET /v1/user/get [] []
[2012-09-08 18:27:52] myapp.INFO: < 200 [] []
[2012-09-08 18:27:52] myapp.INFO: > GET /favicon.ico [] []
[2012-09-08 18:27:52] myapp.ERROR: No route found for "GET /favicon.ico" [] []
[2012-09-08 18:27:52] myapp.INFO: < 404 [] []
[2012-09-08 18:28:01] myapp.INFO: > GET /v1/user/search [] []
[2012-09-08 18:28:01] myapp.INFO: < 200 [] []
[2012-09-08 18:28:01] myapp.INFO: > GET /favicon.ico [] []
[2012-09-08 18:28:01] myapp.ERROR: No route found for "GET /favicon.ico" [] []
[2012-09-08 18:28:01] myapp.INFO: < 404 [] []
[2012-09-08 18:28:01] myapp.INFO: > GET /v1/user/get [] []
[2012-09-08 18:28:01] myapp.INFO: < 200 [] []
[2012-09-08 18:28:02] myapp.INFO: > GET /favicon.ico [] []
[2012-09-08 18:28:02] myapp.ERROR: No route found for "GET /favicon.ico" [] []
[2012-09-08 18:28:02] myapp.INFO: < 404 [] []
[2012-09-08 18:31:28] myapp.INFO: > GET /v1/user/search [] []
[2012-09-08 18:31:28] myapp.INFO: > GET /favicon.ico [] []
[2012-09-08 18:31:28] myapp.ERROR: No route found for "GET /favicon.ico" [] []
[2012-09-08 18:31:28] myapp.INFO: < 404 [] []
[2012-09-08 18:31:35] myapp.INFO: > GET /v1/user/search [] []
[2012-09-08 18:31:35] myapp.INFO: > GET /favicon.ico [] []
[2012-09-08 18:31:35] myapp.ERROR: No route found for "GET /favicon.ico" [] []
[2012-09-08 18:31:35] myapp.INFO: < 404 [] []
[2012-09-08 18:32:00] myapp.INFO: > GET /v1/user/search [] []
[2012-09-08 18:32:00] myapp.INFO: > GET /favicon.ico [] []
[2012-09-08 18:32:00] myapp.ERROR: No route found for "GET /favicon.ico" [] []
[2012-09-08 18:32:00] myapp.INFO: < 404 [] []
[2012-09-08 18:32:07] myapp.INFO: > GET /v1/user/search [] []
[2012-09-08 18:32:08] myapp.INFO: > GET /favicon.ico [] []
[2012-09-08 18:32:08] myapp.ERROR: No route found for "GET /favicon.ico" [] []
[2012-09-08 18:32:08] myapp.INFO: < 404 [] []
[2012-09-08 18:32:14] myapp.INFO: > GET /v1/user/search [] []
[2012-09-08 18:32:14] myapp.INFO: > GET /favicon.ico [] []
[2012-09-08 18:32:14] myapp.ERROR: No route found for "GET /favicon.ico" [] []
[2012-09-08 18:32:14] myapp.INFO: < 404 [] []
[2012-09-08 18:33:08] myapp.INFO: > GET /v1/user/search [] []
[2012-09-08 18:33:09] myapp.INFO: > GET /favicon.ico [] []
[2012-09-08 18:33:09] myapp.ERROR: No route found for "GET /favicon.ico" [] []
[2012-09-08 18:33:09] myapp.INFO: < 404 [] []
[2012-09-08 18:33:49] myapp.INFO: > GET /v1/user/search [] []
[2012-09-08 18:33:49] myapp.INFO: > GET /favicon.ico [] []
[2012-09-08 18:33:49] myapp.ERROR: No route found for "GET /favicon.ico" [] []
[2012-09-08 18:33:49] myapp.INFO: < 404 [] []
[2012-09-08 18:34:04] myapp.INFO: > GET /v1/user/search [] []
[2012-09-08 18:34:04] myapp.INFO: > GET /favicon.ico [] []
[2012-09-08 18:34:04] myapp.ERROR: No route found for "GET /favicon.ico" [] []
[2012-09-08 18:34:04] myapp.INFO: < 404 [] []
[2012-09-08 18:34:06] myapp.INFO: > GET /v1/user/search [] []
[2012-09-08 18:34:06] myapp.INFO: > GET /favicon.ico [] []
[2012-09-08 18:34:06] myapp.ERROR: No route found for "GET /favicon.ico" [] []
[2012-09-08 18:34:06] myapp.INFO: < 404 [] []
[2012-09-08 18:34:09] myapp.INFO: > GET /v1/user/get [] []
[2012-09-08 18:34:09] myapp.INFO: > GET /favicon.ico [] []
[2012-09-08 18:34:09] myapp.ERROR: No route found for "GET /favicon.ico" [] []
[2012-09-08 18:34:09] myapp.INFO: < 404 [] []
[2012-09-08 18:34:20] myapp.INFO: > GET /v1/user/search [] []
[2012-09-08 18:34:20] myapp.INFO: > GET /favicon.ico [] []
[2012-09-08 18:34:20] myapp.ERROR: No route found for "GET /favicon.ico" [] []
[2012-09-08 18:34:20] myapp.INFO: < 404 [] []
[2012-09-08 18:34:35] myapp.INFO: > GET /v1/user/search [] []
[2012-09-08 18:34:36] myapp.INFO: > GET /favicon.ico [] []
[2012-09-08 18:34:36] myapp.ERROR: No route found for "GET /favicon.ico" [] []
[2012-09-08 18:34:36] myapp.INFO: < 404 [] []
[2012-09-08 18:34:44] myapp.INFO: > GET /v1/user/search [] []
[2012-09-08 18:34:45] myapp.INFO: > GET /favicon.ico [] []
[2012-09-08 18:34:45] myapp.ERROR: No route found for "GET /favicon.ico" [] []
[2012-09-08 18:34:45] myapp.INFO: < 404 [] []
[2012-09-08 18:35:05] myapp.INFO: > GET /v1/user/search [] []
[2012-09-08 18:35:05] myapp.INFO: > GET /favicon.ico [] []
[2012-09-08 18:35:05] myapp.ERROR: No route found for "GET /favicon.ico" [] []
[2012-09-08 18:35:05] myapp.INFO: < 404 [] []
[2012-09-08 18:35:24] myapp.INFO: > GET /v1/user/search [] []
[2012-09-08 18:35:25] myapp.INFO: > GET /favicon.ico [] []
[2012-09-08 18:35:25] myapp.ERROR: No route found for "GET /favicon.ico" [] []
[2012-09-08 18:35:25] myapp.INFO: < 404 [] []
[2012-09-08 18:37:38] myapp.INFO: > GET /v1/user/search [] []
[2012-09-08 18:37:38] myapp.INFO: > GET /favicon.ico [] []
[2012-09-08 18:37:38] myapp.ERROR: No route found for "GET /favicon.ico" [] []
[2012-09-08 18:37:38] myapp.INFO: < 404 [] []
[2012-09-08 18:38:20] myapp.INFO: > GET /v1/user/search [] []
[2012-09-08 18:38:20] myapp.INFO: < 200 [] []
[2012-09-08 18:38:20] myapp.INFO: > GET /favicon.ico [] []
[2012-09-08 18:38:20] myapp.ERROR: No route found for "GET /favicon.ico" [] []
[2012-09-08 18:38:20] myapp.INFO: < 404 [] []
[2012-09-08 18:38:32] myapp.INFO: > GET /v1/user/search [] []
[2012-09-08 18:38:32] myapp.INFO: < 200 [] []
[2012-09-08 18:38:32] myapp.INFO: > GET /favicon.ico [] []
[2012-09-08 18:38:32] myapp.ERROR: No route found for "GET /favicon.ico" [] []
[2012-09-08 18:38:32] myapp.INFO: < 404 [] []
[2012-09-08 18:38:47] myapp.INFO: > GET /v1/user/search [] []
[2012-09-08 18:38:47] myapp.INFO: < 200 [] []
[2012-09-08 18:38:47] myapp.INFO: > GET /favicon.ico [] []
[2012-09-08 18:38:47] myapp.ERROR: No route found for "GET /favicon.ico" [] []
[2012-09-08 18:38:47] myapp.INFO: < 404 [] []
[2012-09-08 18:38:59] myapp.INFO: > GET /v1/user/search [] []
[2012-09-08 18:39:00] myapp.INFO: > GET /favicon.ico [] []
[2012-09-08 18:39:00] myapp.ERROR: No route found for "GET /favicon.ico" [] []
[2012-09-08 18:39:00] myapp.INFO: < 404 [] []
[2012-09-08 18:39:48] myapp.INFO: > GET /v1/user/search [] []
[2012-09-08 18:39:48] myapp.INFO: < 200 [] []
[2012-09-08 18:39:48] myapp.INFO: > GET /favicon.ico [] []
[2012-09-08 18:39:48] myapp.ERROR: No route found for "GET /favicon.ico" [] []
[2012-09-08 18:39:48] myapp.INFO: < 404 [] []
[2012-09-08 18:39:59] myapp.INFO: > GET /v1/user/search [] []
[2012-09-08 18:39:59] myapp.INFO: < 200 [] []
[2012-09-08 18:39:59] myapp.INFO: > GET /favicon.ico [] []
[2012-09-08 18:39:59] myapp.ERROR: No route found for "GET /favicon.ico" [] []
[2012-09-08 18:39:59] myapp.INFO: < 404 [] []
[2012-09-08 18:41:12] myapp.INFO: > GET /v1/user/search [] []
[2012-09-08 18:41:13] myapp.INFO: < 200 [] []
[2012-09-08 18:41:13] myapp.INFO: > GET /favicon.ico [] []
[2012-09-08 18:41:13] myapp.ERROR: No route found for "GET /favicon.ico" [] []
[2012-09-08 18:41:13] myapp.INFO: < 404 [] []
[2012-09-08 18:41:32] myapp.INFO: > GET /favicon.ico [] []
[2012-09-08 18:41:32] myapp.ERROR: No route found for "GET /favicon.ico" [] []
[2012-09-08 18:41:32] myapp.INFO: < 404 [] []
[2012-09-08 18:41:34] myapp.INFO: > GET / [] []
[2012-09-08 18:41:34] myapp.ERROR: No route found for "GET /" [] []
[2012-09-08 18:41:34] myapp.INFO: < 404 [] []
[2012-09-08 18:41:34] myapp.INFO: > GET /favicon.ico [] []
[2012-09-08 18:41:34] myapp.ERROR: No route found for "GET /favicon.ico" [] []
[2012-09-08 18:41:34] myapp.INFO: < 404 [] []
[2012-09-08 18:41:37] myapp.INFO: > GET /xc [] []
[2012-09-08 18:41:37] myapp.ERROR: No route found for "GET /xc" [] []
[2012-09-08 18:41:37] myapp.INFO: < 404 [] []
[2012-09-08 18:41:37] myapp.INFO: > GET /favicon.ico [] []
[2012-09-08 18:41:37] myapp.ERROR: No route found for "GET /favicon.ico" [] []
[2012-09-08 18:41:37] myapp.INFO: < 404 [] []
[2012-09-08 18:41:48] myapp.INFO: > GET /v1/user/get [] []
[2012-09-08 18:41:48] myapp.INFO: < 200 [] []
[2012-09-08 18:41:48] myapp.INFO: > GET /favicon.ico [] []
[2012-09-08 18:41:48] myapp.ERROR: No route found for "GET /favicon.ico" [] []
[2012-09-08 18:41:48] myapp.INFO: < 404 [] []
[2012-09-08 18:42:15] myapp.INFO: > GET /xc [] []
[2012-09-08 18:42:15] myapp.ERROR: No route found for "GET /xc" [] []
[2012-09-08 18:42:15] myapp.INFO: < 404 [] []
[2012-09-08 18:42:15] myapp.INFO: > GET /favicon.ico [] []
[2012-09-08 18:42:15] myapp.ERROR: No route found for "GET /favicon.ico" [] []
[2012-09-08 18:42:15] myapp.INFO: < 404 [] []
[2012-09-08 18:42:21] myapp.INFO: > GET / [] []
[2012-09-08 18:42:21] myapp.ERROR: No route found for "GET /" [] []
[2012-09-08 18:42:21] myapp.INFO: < 404 [] []
[2012-09-08 18:42:23] myapp.INFO: > GET /asdq3w4423 [] []
[2012-09-08 18:42:23] myapp.ERROR: No route found for "GET /asdq3w4423" [] []
[2012-09-08 18:42:23] myapp.INFO: < 404 [] []
[2012-09-08 18:42:23] myapp.INFO: > GET /favicon.ico [] []
[2012-09-08 18:42:23] myapp.ERROR: No route found for "GET /favicon.ico" [] []
[2012-09-08 18:42:23] myapp.INFO: < 404 [] []
[2012-09-08 18:42:38] myapp.INFO: > GET /asdq3w4423 [] []
[2012-09-08 18:42:38] myapp.ERROR: No route found for "GET /asdq3w4423" [] []
[2012-09-08 18:42:38] myapp.INFO: < 404 [] []
[2012-09-08 18:42:39] myapp.INFO: > GET /favicon.ico [] []
[2012-09-08 18:42:39] myapp.ERROR: No route found for "GET /favicon.ico" [] []
[2012-09-08 18:42:39] myapp.INFO: < 404 [] []
[2012-09-08 18:42:45] myapp.INFO: > GET /v1 [] []
[2012-09-08 18:42:45] myapp.ERROR: No route found for "GET /v1" [] []
[2012-09-08 18:42:45] myapp.INFO: < 404 [] []
[2012-09-08 18:42:46] myapp.INFO: > GET /v1/user/search [] []
[2012-09-08 18:42:46] myapp.INFO: < 200 [] []
[2012-09-08 18:42:46] myapp.INFO: > GET /favicon.ico [] []
[2012-09-08 18:42:46] myapp.ERROR: No route found for "GET /favicon.ico" [] []
[2012-09-08 18:42:46] myapp.INFO: < 404 [] []
[2012-09-08 18:42:55] myapp.INFO: > GET /v1/user/search [] []
[2012-09-08 18:42:55] myapp.ERROR:  [] []
[2012-09-08 18:42:55] myapp.INFO: < 500 [] []
[2012-09-08 18:42:55] myapp.INFO: > GET /favicon.ico [] []
[2012-09-08 18:42:55] myapp.ERROR: No route found for "GET /favicon.ico" [] []
[2012-09-08 18:42:55] myapp.INFO: < 404 [] []
[2012-09-08 18:44:50] myapp.INFO: > GET /v1/user/search [] []
[2012-09-08 18:44:50] myapp.INFO: < 200 [] []
[2012-09-08 18:44:51] myapp.INFO: > GET /favicon.ico [] []
[2012-09-08 18:44:51] myapp.ERROR: No route found for "GET /favicon.ico" [] []
[2012-09-08 18:44:51] myapp.INFO: < 404 [] []
[2012-09-08 18:44:53] myapp.INFO: > GET /v1/user/searchf [] []
[2012-09-08 18:44:53] myapp.ERROR: No route found for "GET /v1/user/searchf" [] []
[2012-09-08 18:44:53] myapp.INFO: < 404 [] []
[2012-09-08 18:44:53] myapp.INFO: > GET /favicon.ico [] []
[2012-09-08 18:44:53] myapp.ERROR: No route found for "GET /favicon.ico" [] []
[2012-09-08 18:44:53] myapp.INFO: < 404 [] []
[2012-09-08 18:44:58] myapp.INFO: > GET /v1/user/search= [] []
[2012-09-08 18:44:58] myapp.ERROR: No route found for "GET /v1/user/search=" [] []
[2012-09-08 18:44:58] myapp.INFO: < 404 [] []
[2012-09-08 18:44:58] myapp.INFO: > GET /favicon.ico [] []
[2012-09-08 18:44:58] myapp.ERROR: No route found for "GET /favicon.ico" [] []
[2012-09-08 18:44:58] myapp.INFO: < 404 [] []
[2012-09-08 18:45:00] myapp.INFO: > GET /v1/user/search [] []
[2012-09-08 18:45:00] myapp.INFO: < 200 [] []
[2012-09-08 18:45:00] myapp.INFO: > GET /favicon.ico [] []
[2012-09-08 18:45:00] myapp.ERROR: No route found for "GET /favicon.ico" [] []
[2012-09-08 18:45:00] myapp.INFO: < 404 [] []
[2012-09-08 18:45:29] myapp.INFO: > GET /v1/user/search [] []
[2012-09-08 18:45:29] myapp.INFO: < 200 [] []
[2012-09-08 18:45:29] myapp.INFO: > GET /favicon.ico [] []
[2012-09-08 18:45:29] myapp.ERROR: No route found for "GET /favicon.ico" [] []
[2012-09-08 18:45:29] myapp.INFO: < 404 [] []
[2012-09-08 18:45:34] myapp.INFO: > GET /v1/user/get [] []
[2012-09-08 18:45:34] myapp.INFO: < 200 [] []
[2012-09-08 18:45:34] myapp.INFO: > GET /favicon.ico [] []
[2012-09-08 18:45:34] myapp.ERROR: No route found for "GET /favicon.ico" [] []
[2012-09-08 18:45:34] myapp.INFO: < 404 [] []
[2012-09-08 18:45:35] myapp.INFO: > GET /v1/user/get [] []
[2012-09-08 18:45:35] myapp.INFO: < 200 [] []
[2012-09-08 18:45:35] myapp.INFO: > GET /favicon.ico [] []
[2012-09-08 18:45:35] myapp.ERROR: No route found for "GET /favicon.ico" [] []
[2012-09-08 18:45:35] myapp.INFO: < 404 [] []
[2012-09-08 18:45:38] myapp.INFO: > GET /v1/user/get [] []
[2012-09-08 18:45:38] myapp.ERROR: The HTTP status code "0" is not valid. [] []
[2012-09-08 18:45:38] myapp.INFO: < 500 [] []
[2012-09-08 18:45:38] myapp.INFO: > GET /favicon.ico [] []
[2012-09-08 18:45:38] myapp.ERROR: No route found for "GET /favicon.ico" [] []
[2012-09-08 18:45:38] myapp.INFO: < 404 [] []
[2012-09-08 18:45:47] myapp.INFO: > GET /v1/user/get [] []
[2012-09-08 18:45:47] myapp.INFO: < 500 [] []
[2012-09-08 18:45:47] myapp.INFO: > GET /favicon.ico [] []
[2012-09-08 18:45:47] myapp.ERROR: No route found for "GET /favicon.ico" [] []
[2012-09-08 18:45:47] myapp.INFO: < 404 [] []
[2012-09-08 18:46:11] myapp.INFO: > GET /v1/user/get [] []
[2012-09-08 18:46:11] myapp.INFO: < 500 [] []
[2012-09-08 18:46:12] myapp.INFO: > GET /favicon.ico [] []
[2012-09-08 18:46:12] myapp.ERROR: No route found for "GET /favicon.ico" [] []
[2012-09-08 18:46:12] myapp.INFO: < 404 [] []
[2012-09-08 18:46:43] myapp.INFO: > GET /v1/user/get [] []
[2012-09-08 18:46:43] myapp.INFO: < 500 [] []
[2012-09-08 18:46:43] myapp.INFO: > GET /favicon.ico [] []
[2012-09-08 18:46:43] myapp.ERROR: No route found for "GET /favicon.ico" [] []
[2012-09-08 18:46:43] myapp.INFO: < 404 [] []
[2012-09-08 18:46:48] myapp.INFO: > GET /v1/user/get [] []
[2012-09-08 18:46:48] myapp.INFO: < 200 [] []
[2012-09-08 18:46:49] myapp.INFO: > GET /favicon.ico [] []
[2012-09-08 18:46:49] myapp.ERROR: No route found for "GET /favicon.ico" [] []
[2012-09-08 18:46:49] myapp.INFO: < 404 [] []
[2012-09-08 18:46:49] myapp.INFO: > GET /v1/user/search [] []
[2012-09-08 18:46:49] myapp.INFO: < 200 [] []
[2012-09-08 18:46:50] myapp.INFO: > GET /favicon.ico [] []
[2012-09-08 18:46:50] myapp.ERROR: No route found for "GET /favicon.ico" [] []
[2012-09-08 18:46:50] myapp.INFO: < 404 [] []
[2012-09-08 18:46:51] myapp.INFO: > GET /v1/user/search [] []
[2012-09-08 18:46:51] myapp.INFO: < 200 [] []
[2012-09-08 18:46:51] myapp.INFO: > GET /favicon.ico [] []
[2012-09-08 18:46:51] myapp.ERROR: No route found for "GET /favicon.ico" [] []
[2012-09-08 18:46:51] myapp.INFO: < 404 [] []
[2012-09-09 02:15:46] myapp.INFO: > GET /v1/user/get [] []
[2012-09-09 02:15:46] myapp.ERROR: No route found for "GET /v1/user/get": Method Not Allowed (Allow: POST) [] []
[2012-09-09 02:15:46] myapp.INFO: < 405 [] []
[2012-09-09 02:15:46] myapp.INFO: > GET /favicon.ico [] []
[2012-09-09 02:15:46] myapp.ERROR: No route found for "GET /favicon.ico" [] []
[2012-09-09 02:15:46] myapp.INFO: < 404 [] []
[2012-09-09 02:16:05] myapp.INFO: > GET /v1/user/get [] []
[2012-09-09 02:16:05] myapp.ERROR: No route found for "GET /v1/user/get": Method Not Allowed (Allow: POST) [] []
[2012-09-09 02:16:05] myapp.INFO: < 405 [] []
[2012-09-09 02:16:05] myapp.INFO: > GET /favicon.ico [] []
[2012-09-09 02:16:05] myapp.ERROR: No route found for "GET /favicon.ico" [] []
[2012-09-09 02:16:05] myapp.INFO: < 404 [] []
[2012-09-09 02:16:23] myapp.INFO: > GET /v1/user/get [] []
[2012-09-09 02:16:23] myapp.ERROR: No route found for "GET /v1/user/get": Method Not Allowed (Allow: POST) [] []
[2012-09-09 02:16:23] myapp.INFO: < 405 [] []
[2012-09-09 02:16:23] myapp.INFO: > GET /favicon.ico [] []
[2012-09-09 02:16:23] myapp.ERROR: No route found for "GET /favicon.ico" [] []
[2012-09-09 02:16:23] myapp.INFO: < 404 [] []
[2012-09-09 02:19:46] myapp.INFO: > GET /v1/user/get [] []
[2012-09-09 02:19:46] myapp.ERROR: No route found for "GET /v1/user/get": Method Not Allowed (Allow: POST) [] []
[2012-09-09 02:19:46] myapp.INFO: < 405 [] []
[2012-09-09 02:19:46] myapp.INFO: > GET /favicon.ico [] []
[2012-09-09 02:19:46] myapp.ERROR: No route found for "GET /favicon.ico" [] []
[2012-09-09 02:19:46] myapp.INFO: < 404 [] []
[2012-09-09 02:19:52] myapp.INFO: > GET /v1/user/get [] []
[2012-09-09 02:19:52] myapp.INFO: < 200 [] []
[2012-09-09 02:19:52] myapp.INFO: > GET /favicon.ico [] []
[2012-09-09 02:19:52] myapp.ERROR: No route found for "GET /favicon.ico" [] []
[2012-09-09 02:19:52] myapp.INFO: < 404 [] []
[2012-09-09 02:21:13] myapp.INFO: > GET /v1/user/search [] []
[2012-09-09 02:21:13] myapp.INFO: < 200 [] []
[2012-09-09 02:21:13] myapp.INFO: > GET /favicon.ico [] []
[2012-09-09 02:21:13] myapp.ERROR: No route found for "GET /favicon.ico" [] []
[2012-09-09 02:21:13] myapp.INFO: < 404 [] []
[2012-09-09 02:21:18] myapp.INFO: > GET /v1/user/get [] []
[2012-09-09 02:21:18] myapp.INFO: < 200 [] []
[2012-09-09 02:21:18] myapp.INFO: > GET /favicon.ico [] []
[2012-09-09 02:21:18] myapp.ERROR: No route found for "GET /favicon.ico" [] []
[2012-09-09 02:21:18] myapp.INFO: < 404 [] []
[2012-09-09 02:21:32] myapp.INFO: > GET /v1/user/search [] []
[2012-09-09 02:21:32] myapp.INFO: < 200 [] []
[2012-09-09 02:21:32] myapp.INFO: > GET /favicon.ico [] []
[2012-09-09 02:21:32] myapp.ERROR: No route found for "GET /favicon.ico" [] []
[2012-09-09 02:21:32] myapp.INFO: < 404 [] []
[2012-09-09 02:22:19] myapp.INFO: > GET /v1/user/search [] []
[2012-09-09 02:22:19] myapp.INFO: < 200 [] []
[2012-09-09 02:22:20] myapp.INFO: > GET /favicon.ico [] []
[2012-09-09 02:22:20] myapp.ERROR: No route found for "GET /favicon.ico" [] []
[2012-09-09 02:22:20] myapp.INFO: < 404 [] []
[2012-09-09 02:22:31] myapp.INFO: > GET /v1/user/search [] []
[2012-09-09 02:22:31] myapp.INFO: < 200 [] []
[2012-09-09 02:22:31] myapp.INFO: > GET /favicon.ico [] []
[2012-09-09 02:22:31] myapp.ERROR: No route found for "GET /favicon.ico" [] []
[2012-09-09 02:22:31] myapp.INFO: < 404 [] []
[2012-09-09 02:22:42] myapp.INFO: > GET /v1/user/search [] []
[2012-09-09 02:22:42] myapp.INFO: < 200 [] []
[2012-09-09 02:22:42] myapp.INFO: > GET /favicon.ico [] []
[2012-09-09 02:22:42] myapp.ERROR: No route found for "GET /favicon.ico" [] []
[2012-09-09 02:22:42] myapp.INFO: < 404 [] []
[2012-09-09 02:22:50] myapp.INFO: > GET /v1/user/search [] []
[2012-09-09 02:22:50] myapp.INFO: < 200 [] []
[2012-09-09 02:22:50] myapp.INFO: > GET /favicon.ico [] []
[2012-09-09 02:22:50] myapp.ERROR: No route found for "GET /favicon.ico" [] []
[2012-09-09 02:22:50] myapp.INFO: < 404 [] []
[2012-09-09 02:22:57] myapp.INFO: > GET /v1/user/search [] []
[2012-09-09 02:22:57] myapp.INFO: < 200 [] []
[2012-09-09 02:22:57] myapp.INFO: > GET /favicon.ico [] []
[2012-09-09 02:22:57] myapp.ERROR: No route found for "GET /favicon.ico" [] []
[2012-09-09 02:22:57] myapp.INFO: < 404 [] []
[2012-09-09 02:24:55] myapp.INFO: > GET /v1/user/search [] []
[2012-09-09 02:24:55] myapp.INFO: < 200 [] []
[2012-09-09 02:24:56] myapp.INFO: > GET /favicon.ico [] []
[2012-09-09 02:24:56] myapp.ERROR: No route found for "GET /favicon.ico" [] []
[2012-09-09 02:24:56] myapp.INFO: < 404 [] []
[2012-09-09 02:24:56] myapp.INFO: > GET /v1/user/search [] []
[2012-09-09 02:24:56] myapp.INFO: < 200 [] []
[2012-09-09 02:24:56] myapp.INFO: > GET /favicon.ico [] []
[2012-09-09 02:24:56] myapp.ERROR: No route found for "GET /favicon.ico" [] []
[2012-09-09 02:24:56] myapp.INFO: < 404 [] []
[2012-09-09 02:25:02] myapp.INFO: > GET /v1/user/search [] []
[2012-09-09 02:25:02] myapp.INFO: < 200 [] []
[2012-09-09 02:25:02] myapp.INFO: > GET /favicon.ico [] []
[2012-09-09 02:25:02] myapp.ERROR: No route found for "GET /favicon.ico" [] []
[2012-09-09 02:25:02] myapp.INFO: < 404 [] []
[2012-09-09 02:25:57] myapp.INFO: > GET /v1/user/search [] []
[2012-09-09 02:25:57] myapp.INFO: < 200 [] []
[2012-09-09 02:25:57] myapp.INFO: > GET /favicon.ico [] []
[2012-09-09 02:25:57] myapp.ERROR: No route found for "GET /favicon.ico" [] []
[2012-09-09 02:25:57] myapp.INFO: < 404 [] []
[2012-09-09 02:26:08] myapp.INFO: > GET /v1/user/search [] []
[2012-09-09 02:26:08] myapp.INFO: < 200 [] []
[2012-09-09 02:26:08] myapp.INFO: > GET /favicon.ico [] []
[2012-09-09 02:26:08] myapp.ERROR: No route found for "GET /favicon.ico" [] []
[2012-09-09 02:26:08] myapp.INFO: < 404 [] []
[2012-09-09 02:29:29] myapp.INFO: > GET /v1/user/search [] []
[2012-09-09 02:29:29] myapp.INFO: < 200 [] []
[2012-09-09 02:29:29] myapp.INFO: > GET /favicon.ico [] []
[2012-09-09 02:29:29] myapp.ERROR: No route found for "GET /favicon.ico" [] []
[2012-09-09 02:29:29] myapp.INFO: < 404 [] []
[2012-09-09 02:37:30] myapp.INFO: > GET /v1/user/search [] []
[2012-09-09 02:37:30] myapp.INFO: < 200 [] []
[2012-09-09 02:37:30] myapp.INFO: > GET /favicon.ico [] []
[2012-09-09 02:37:30] myapp.ERROR: No route found for "GET /favicon.ico" [] []
[2012-09-09 02:37:30] myapp.INFO: < 404 [] []
[2012-09-09 02:37:49] myapp.INFO: > GET /v1/user/ [] []
[2012-09-09 02:37:49] myapp.ERROR: No route found for "GET /v1/user/" [] []
[2012-09-09 02:37:49] myapp.INFO: < 404 [] []
[2012-09-09 02:37:49] myapp.INFO: > GET /favicon.ico [] []
[2012-09-09 02:37:49] myapp.ERROR: No route found for "GET /favicon.ico" [] []
[2012-09-09 02:37:49] myapp.INFO: < 404 [] []
[2012-09-09 02:37:51] myapp.INFO: > GET /v1/user/search [] []
[2012-09-09 02:37:51] myapp.INFO: < 200 [] []
[2012-09-09 02:37:53] myapp.INFO: > GET /favicon.ico [] []
[2012-09-09 02:37:53] myapp.ERROR: No route found for "GET /favicon.ico" [] []
[2012-09-09 02:37:53] myapp.INFO: < 404 [] []
[2012-09-09 02:42:15] myapp.INFO: > GET /v1/user/search [] []
[2012-09-09 02:42:16] myapp.INFO: < 200 [] []
[2012-09-09 02:42:16] myapp.INFO: > GET /favicon.ico [] []
[2012-09-09 02:42:16] myapp.ERROR: No route found for "GET /favicon.ico" [] []
[2012-09-09 02:42:16] myapp.INFO: < 404 [] []
[2012-09-09 02:42:31] myapp.INFO: > GET /v1/user/search [] []
[2012-09-09 02:42:31] myapp.INFO: < 200 [] []
[2012-09-09 02:42:31] myapp.INFO: > GET /favicon.ico [] []
[2012-09-09 02:42:31] myapp.ERROR: No route found for "GET /favicon.ico" [] []
[2012-09-09 02:42:31] myapp.INFO: < 404 [] []
[2012-09-09 02:42:49] myapp.INFO: > GET /v1/user/search [] []
[2012-09-09 02:42:49] myapp.INFO: < 200 [] []
[2012-09-09 02:42:49] myapp.INFO: > GET /favicon.ico [] []
[2012-09-09 02:42:49] myapp.ERROR: No route found for "GET /favicon.ico" [] []
[2012-09-09 02:42:49] myapp.INFO: < 404 [] []
[2012-09-09 02:42:55] myapp.INFO: > GET /v1/user/search [] []
[2012-09-09 02:42:55] myapp.INFO: < 200 [] []
[2012-09-09 02:42:55] myapp.INFO: > GET /favicon.ico [] []
[2012-09-09 02:42:55] myapp.ERROR: No route found for "GET /favicon.ico" [] []
[2012-09-09 02:42:55] myapp.INFO: < 404 [] []
[2012-09-09 02:42:59] myapp.INFO: > GET /v1/user/search [] []
[2012-09-09 02:42:59] myapp.INFO: < 200 [] []
[2012-09-09 02:42:59] myapp.INFO: > GET /favicon.ico [] []
[2012-09-09 02:42:59] myapp.ERROR: No route found for "GET /favicon.ico" [] []
[2012-09-09 02:42:59] myapp.INFO: < 404 [] []
[2012-09-09 02:44:21] myapp.INFO: > GET /v1/user/search [] []
[2012-09-09 02:44:21] myapp.INFO: < 200 [] []
[2012-09-09 02:44:22] myapp.INFO: > GET /favicon.ico [] []
[2012-09-09 02:44:22] myapp.ERROR: No route found for "GET /favicon.ico" [] []
[2012-09-09 02:44:22] myapp.INFO: < 404 [] []
[2012-09-09 02:44:33] myapp.INFO: > GET /v1/user/search [] []
[2012-09-09 02:44:33] myapp.INFO: < 200 [] []
[2012-09-09 02:44:33] myapp.INFO: > GET /favicon.ico [] []
[2012-09-09 02:44:33] myapp.ERROR: No route found for "GET /favicon.ico" [] []
[2012-09-09 02:44:33] myapp.INFO: < 404 [] []
[2012-09-09 02:44:42] myapp.INFO: > GET /v1/user/search [] []
[2012-09-09 02:44:42] myapp.INFO: < 200 [] []
[2012-09-09 02:44:42] myapp.INFO: > GET /favicon.ico [] []
[2012-09-09 02:44:42] myapp.ERROR: No route found for "GET /favicon.ico" [] []
[2012-09-09 02:44:42] myapp.INFO: < 404 [] []
[2012-09-09 02:44:57] myapp.INFO: > GET /v1/user/search [] []
[2012-09-09 02:44:57] myapp.INFO: < 200 [] []
[2012-09-09 02:44:57] myapp.INFO: > GET /favicon.ico [] []
[2012-09-09 02:44:57] myapp.ERROR: No route found for "GET /favicon.ico" [] []
[2012-09-09 02:44:57] myapp.INFO: < 404 [] []
[2012-09-09 02:45:14] myapp.INFO: > GET /v1/user/search [] []
[2012-09-09 02:45:14] myapp.INFO: < 200 [] []
[2012-09-09 02:45:15] myapp.INFO: > GET /favicon.ico [] []
[2012-09-09 02:45:15] myapp.ERROR: No route found for "GET /favicon.ico" [] []
[2012-09-09 02:45:15] myapp.INFO: < 404 [] []
[2012-09-09 02:45:37] myapp.INFO: > GET /v1/user/search [] []
[2012-09-09 02:45:37] myapp.ERROR: Controller "Closure" requires that you provide a value for the "$param1" argument (because there is no default value or because there is a non optional argument after this one). [] []
[2012-09-09 02:45:37] myapp.INFO: < 500 [] []
[2012-09-09 02:45:37] myapp.INFO: > GET /favicon.ico [] []
[2012-09-09 02:45:37] myapp.ERROR: No route found for "GET /favicon.ico" [] []
[2012-09-09 02:45:37] myapp.INFO: < 404 [] []
[2012-09-09 02:45:46] myapp.INFO: > GET /v1/user/search [] []
[2012-09-09 02:45:46] myapp.INFO: < 200 [] []
[2012-09-09 02:45:46] myapp.INFO: > GET /favicon.ico [] []
[2012-09-09 02:45:46] myapp.ERROR: No route found for "GET /favicon.ico" [] []
[2012-09-09 02:45:46] myapp.INFO: < 404 [] []
[2012-09-09 02:46:50] myapp.INFO: > GET /v1/user/search [] []
[2012-09-09 02:46:50] myapp.INFO: < 200 [] []
[2012-09-09 02:46:51] myapp.INFO: > GET /favicon.ico [] []
[2012-09-09 02:46:51] myapp.ERROR: No route found for "GET /favicon.ico" [] []
[2012-09-09 02:46:51] myapp.INFO: < 404 [] []
[2012-09-09 02:47:28] myapp.INFO: > GET /v1/user/search [] []
[2012-09-09 02:47:28] myapp.ERROR: Controller "Closure" requires that you provide a value for the "$param1" argument (because there is no default value or because there is a non optional argument after this one). [] []
[2012-09-09 02:47:28] myapp.INFO: < 500 [] []
[2012-09-09 02:47:28] myapp.INFO: > GET /favicon.ico [] []
[2012-09-09 02:47:28] myapp.ERROR: No route found for "GET /favicon.ico" [] []
[2012-09-09 02:47:28] myapp.INFO: < 404 [] []
[2012-09-09 02:49:45] myapp.INFO: > GET /v1/user/search [] []
[2012-09-09 02:49:45] myapp.INFO: < 200 [] []
[2012-09-09 02:49:45] myapp.INFO: > GET /favicon.ico [] []
[2012-09-09 02:49:45] myapp.ERROR: No route found for "GET /favicon.ico" [] []
[2012-09-09 02:49:45] myapp.INFO: < 404 [] []
[2012-09-09 02:49:51] myapp.INFO: > GET /v1/user/search [] []
[2012-09-09 02:49:51] myapp.INFO: < 200 [] []
[2012-09-09 02:49:51] myapp.INFO: > GET /favicon.ico [] []
[2012-09-09 02:49:51] myapp.ERROR: No route found for "GET /favicon.ico" [] []
[2012-09-09 02:49:51] myapp.INFO: < 404 [] []
[2012-09-09 02:50:08] myapp.INFO: > GET /v1/user/search [] []
[2012-09-09 02:50:08] myapp.INFO: < 200 [] []
[2012-09-09 02:50:08] myapp.INFO: > GET /favicon.ico [] []
[2012-09-09 02:50:08] myapp.ERROR: No route found for "GET /favicon.ico" [] []
[2012-09-09 02:50:08] myapp.INFO: < 404 [] []
[2012-09-09 02:50:51] myapp.INFO: > GET /v1/user/search [] []
[2012-09-09 02:50:51] myapp.ERROR: Controller "Closure" requires that you provide a value for the "$param1" argument (because there is no default value or because there is a non optional argument after this one). [] []
[2012-09-09 02:50:51] myapp.INFO: < 500 [] []
[2012-09-09 02:50:51] myapp.INFO: > GET /favicon.ico [] []
[2012-09-09 02:50:51] myapp.ERROR: No route found for "GET /favicon.ico" [] []
[2012-09-09 02:50:51] myapp.INFO: < 404 [] []
[2012-09-09 02:51:07] myapp.INFO: > GET /v1/user/search [] []
[2012-09-09 02:51:07] myapp.INFO: < 200 [] []
[2012-09-09 02:51:08] myapp.INFO: > GET /favicon.ico [] []
[2012-09-09 02:51:08] myapp.ERROR: No route found for "GET /favicon.ico" [] []
[2012-09-09 02:51:08] myapp.INFO: < 404 [] []
[2012-09-09 02:51:08] myapp.INFO: > GET /v1/user/search [] []
[2012-09-09 02:51:08] myapp.INFO: < 200 [] []
[2012-09-09 02:51:08] myapp.INFO: > GET /favicon.ico [] []
[2012-09-09 02:51:08] myapp.ERROR: No route found for "GET /favicon.ico" [] []
[2012-09-09 02:51:08] myapp.INFO: < 404 [] []
[2012-09-09 02:51:15] myapp.INFO: > GET /v1/user/search [] []
[2012-09-09 02:51:15] myapp.INFO: < 200 [] []
[2012-09-09 02:51:15] myapp.INFO: > GET /favicon.ico [] []
[2012-09-09 02:51:15] myapp.ERROR: No route found for "GET /favicon.ico" [] []
[2012-09-09 02:51:15] myapp.INFO: < 404 [] []
[2012-09-09 02:53:52] myapp.INFO: > GET /v1/user/search [] []
[2012-09-09 02:53:52] myapp.INFO: < 200 [] []
[2012-09-09 02:53:52] myapp.INFO: > GET /favicon.ico [] []
[2012-09-09 02:53:52] myapp.ERROR: No route found for "GET /favicon.ico" [] []
[2012-09-09 02:53:52] myapp.INFO: < 404 [] []
[2012-09-09 02:54:03] myapp.INFO: > GET /v1/user/search [] []
[2012-09-09 02:54:03] myapp.INFO: < 200 [] []
[2012-09-09 02:54:03] myapp.INFO: > GET /favicon.ico [] []
[2012-09-09 02:54:03] myapp.ERROR: No route found for "GET /favicon.ico" [] []
[2012-09-09 02:54:03] myapp.INFO: < 404 [] []
[2012-09-09 02:54:23] myapp.INFO: > GET /v1/user/search [] []
[2012-09-09 02:54:23] myapp.ERROR: Controller "Closure" requires that you provide a value for the "$param1" argument (because there is no default value or because there is a non optional argument after this one). [] []
[2012-09-09 02:54:23] myapp.INFO: < 500 [] []
[2012-09-09 02:54:23] myapp.INFO: > GET /favicon.ico [] []
[2012-09-09 02:54:23] myapp.ERROR: No route found for "GET /favicon.ico" [] []
[2012-09-09 02:54:23] myapp.INFO: < 404 [] []
[2012-09-09 02:55:02] myapp.INFO: > GET /v1/user/search [] []
[2012-09-09 02:55:02] myapp.ERROR: Controller "Closure" requires that you provide a value for the "$param1" argument (because there is no default value or because there is a non optional argument after this one). [] []
[2012-09-09 02:55:02] myapp.INFO: < 500 [] []
[2012-09-09 02:55:02] myapp.INFO: > GET /favicon.ico [] []
[2012-09-09 02:55:02] myapp.ERROR: No route found for "GET /favicon.ico" [] []
[2012-09-09 02:55:02] myapp.INFO: < 404 [] []
[2012-09-09 02:55:35] myapp.INFO: > GET /v1/user/search [] []
[2012-09-09 02:55:35] myapp.ERROR: Controller "Closure" requires that you provide a value for the "$param1" argument (because there is no default value or because there is a non optional argument after this one). [] []
[2012-09-09 02:55:35] myapp.INFO: < 500 [] []
[2012-09-09 02:55:35] myapp.INFO: > GET /favicon.ico [] []
[2012-09-09 02:55:35] myapp.ERROR: No route found for "GET /favicon.ico" [] []
[2012-09-09 02:55:35] myapp.INFO: < 404 [] []
[2012-09-09 02:55:37] myapp.INFO: > GET /v1/user/search/ [] []
[2012-09-09 02:55:37] myapp.ERROR: No route found for "GET /v1/user/search/" [] []
[2012-09-09 02:55:37] myapp.INFO: < 404 [] []
[2012-09-09 02:55:37] myapp.INFO: > GET /favicon.ico [] []
[2012-09-09 02:55:37] myapp.ERROR: No route found for "GET /favicon.ico" [] []
[2012-09-09 02:55:37] myapp.INFO: < 404 [] []
[2012-09-09 02:55:42] myapp.INFO: > GET /v1/user/search [] []
[2012-09-09 02:55:42] myapp.ERROR: Controller "Closure" requires that you provide a value for the "$param1" argument (because there is no default value or because there is a non optional argument after this one). [] []
[2012-09-09 02:55:42] myapp.INFO: < 500 [] []
[2012-09-09 02:55:42] myapp.INFO: > GET /favicon.ico [] []
[2012-09-09 02:55:42] myapp.ERROR: No route found for "GET /favicon.ico" [] []
[2012-09-09 02:55:42] myapp.INFO: < 404 [] []
[2012-09-09 02:55:46] myapp.INFO: > GET /v1/user/search [] []
[2012-09-09 02:55:46] myapp.ERROR: Controller "Closure" requires that you provide a value for the "$param1" argument (because there is no default value or because there is a non optional argument after this one). [] []
[2012-09-09 02:55:46] myapp.INFO: < 500 [] []
[2012-09-09 02:55:46] myapp.INFO: > GET /favicon.ico [] []
[2012-09-09 02:55:46] myapp.ERROR: No route found for "GET /favicon.ico" [] []
[2012-09-09 02:55:46] myapp.INFO: < 404 [] []
[2012-09-09 02:55:59] myapp.INFO: > GET /v1/user/search?test [] []
[2012-09-09 02:55:59] myapp.ERROR: Controller "Closure" requires that you provide a value for the "$param1" argument (because there is no default value or because there is a non optional argument after this one). [] []
[2012-09-09 02:55:59] myapp.INFO: < 500 [] []
[2012-09-09 02:55:59] myapp.INFO: > GET /favicon.ico [] []
[2012-09-09 02:55:59] myapp.ERROR: No route found for "GET /favicon.ico" [] []
[2012-09-09 02:55:59] myapp.INFO: < 404 [] []
[2012-09-09 02:56:03] myapp.INFO: > GET /v1/user/search?test [] []
[2012-09-09 02:56:03] myapp.ERROR: Controller "Closure" requires that you provide a value for the "$param1" argument (because there is no default value or because there is a non optional argument after this one). [] []
[2012-09-09 02:56:03] myapp.INFO: < 500 [] []
[2012-09-09 02:56:03] myapp.INFO: > GET /favicon.ico [] []
[2012-09-09 02:56:03] myapp.ERROR: No route found for "GET /favicon.ico" [] []
[2012-09-09 02:56:03] myapp.INFO: < 404 [] []
[2012-09-09 02:56:04] myapp.INFO: > GET /v1/user/search?test [] []
[2012-09-09 02:56:04] myapp.ERROR: Controller "Closure" requires that you provide a value for the "$param1" argument (because there is no default value or because there is a non optional argument after this one). [] []
[2012-09-09 02:56:04] myapp.INFO: < 500 [] []
[2012-09-09 02:56:05] myapp.INFO: > GET /favicon.ico [] []
[2012-09-09 02:56:05] myapp.ERROR: No route found for "GET /favicon.ico" [] []
[2012-09-09 02:56:05] myapp.INFO: < 404 [] []
[2012-09-09 02:56:11] myapp.INFO: > GET /v1/user/search?test [] []
[2012-09-09 02:56:11] myapp.INFO: < 200 [] []
[2012-09-09 02:56:11] myapp.INFO: > GET /favicon.ico [] []
[2012-09-09 02:56:11] myapp.ERROR: No route found for "GET /favicon.ico" [] []
[2012-09-09 02:56:11] myapp.INFO: < 404 [] []
[2012-09-09 02:56:19] myapp.INFO: > GET /v1/user/search?test [] []
[2012-09-09 02:56:19] myapp.INFO: < 301 [] []
[2012-09-09 02:56:19] myapp.INFO: > GET /v1/user/search/ [] []
[2012-09-09 02:56:19] myapp.INFO: < 200 [] []
[2012-09-09 02:56:19] myapp.INFO: > GET /favicon.ico [] []
[2012-09-09 02:56:19] myapp.ERROR: No route found for "GET /favicon.ico" [] []
[2012-09-09 02:56:19] myapp.INFO: < 404 [] []
[2012-09-09 02:56:21] myapp.INFO: > GET /v1/user/search/?test [] []
[2012-09-09 02:56:21] myapp.INFO: < 200 [] []
[2012-09-09 02:56:22] myapp.INFO: > GET /favicon.ico [] []
[2012-09-09 02:56:22] myapp.ERROR: No route found for "GET /favicon.ico" [] []
[2012-09-09 02:56:22] myapp.INFO: < 404 [] []
[2012-09-09 02:56:34] myapp.INFO: > GET /v1/user/search/?test [] []
[2012-09-09 02:56:34] myapp.INFO: < 200 [] []
[2012-09-09 02:56:34] myapp.INFO: > GET /favicon.ico [] []
[2012-09-09 02:56:34] myapp.ERROR: No route found for "GET /favicon.ico" [] []
[2012-09-09 02:56:34] myapp.INFO: < 404 [] []
[2012-09-09 02:56:59] myapp.INFO: > GET /v1/user/search/?test [] []
[2012-09-09 02:56:59] myapp.INFO: < 200 [] []
[2012-09-09 02:56:59] myapp.INFO: > GET /favicon.ico [] []
[2012-09-09 02:56:59] myapp.ERROR: No route found for "GET /favicon.ico" [] []
[2012-09-09 02:56:59] myapp.INFO: < 404 [] []
[2012-09-09 02:57:06] myapp.INFO: > GET /v1/user/search/?test [] []
[2012-09-09 02:57:06] myapp.INFO: < 200 [] []
[2012-09-09 02:57:06] myapp.INFO: > GET /favicon.ico [] []
[2012-09-09 02:57:06] myapp.ERROR: No route found for "GET /favicon.ico" [] []
[2012-09-09 02:57:06] myapp.INFO: < 404 [] []
[2012-09-09 02:57:26] myapp.INFO: > GET /v1/user/search/?test [] []
[2012-09-09 02:57:26] myapp.INFO: < 200 [] []
[2012-09-09 02:57:27] myapp.INFO: > GET /favicon.ico [] []
[2012-09-09 02:57:27] myapp.ERROR: No route found for "GET /favicon.ico" [] []
[2012-09-09 02:57:27] myapp.INFO: < 404 [] []
[2012-09-09 02:58:26] myapp.INFO: > GET /v1/user/search/?test [] []
[2012-09-09 02:58:26] myapp.ERROR: No route found for "GET /v1/user/search/" [] []
[2012-09-09 02:58:26] myapp.INFO: < 404 [] []
[2012-09-09 02:58:27] myapp.INFO: > GET /favicon.ico [] []
[2012-09-09 02:58:27] myapp.ERROR: No route found for "GET /favicon.ico" [] []
[2012-09-09 02:58:27] myapp.INFO: < 404 [] []
[2012-09-09 02:58:30] myapp.INFO: > GET /v1/user/search [] []
[2012-09-09 02:58:30] myapp.ERROR: Controller "Closure" requires that you provide a value for the "$param" argument (because there is no default value or because there is a non optional argument after this one). [] []
[2012-09-09 02:58:30] myapp.INFO: < 500 [] []
[2012-09-09 02:58:30] myapp.INFO: > GET /favicon.ico [] []
[2012-09-09 02:58:30] myapp.ERROR: No route found for "GET /favicon.ico" [] []
[2012-09-09 02:58:30] myapp.INFO: < 404 [] []
[2012-09-09 02:59:09] myapp.INFO: > GET /v1/user/search [] []
[2012-09-09 02:59:09] myapp.ERROR: Controller "Closure" requires that you provide a value for the "$param" argument (because there is no default value or because there is a non optional argument after this one). [] []
[2012-09-09 02:59:09] myapp.INFO: < 500 [] []
[2012-09-09 02:59:09] myapp.INFO: > GET /favicon.ico [] []
[2012-09-09 02:59:09] myapp.ERROR: No route found for "GET /favicon.ico" [] []
[2012-09-09 02:59:09] myapp.INFO: < 404 [] []
[2012-09-09 02:59:26] myapp.INFO: > GET /v1/user/get [] []
[2012-09-09 02:59:26] myapp.ERROR: Controller "Closure" requires that you provide a value for the "$param" argument (because there is no default value or because there is a non optional argument after this one). [] []
[2012-09-09 02:59:26] myapp.INFO: < 500 [] []
[2012-09-09 02:59:26] myapp.INFO: > GET /favicon.ico [] []
[2012-09-09 02:59:26] myapp.ERROR: No route found for "GET /favicon.ico" [] []
[2012-09-09 02:59:26] myapp.INFO: < 404 [] []
[2012-09-09 02:59:27] myapp.INFO: > GET /v1/user/search [] []
[2012-09-09 02:59:27] myapp.ERROR: Controller "Closure" requires that you provide a value for the "$param" argument (because there is no default value or because there is a non optional argument after this one). [] []
[2012-09-09 02:59:27] myapp.INFO: < 500 [] []
[2012-09-09 02:59:27] myapp.INFO: > GET /favicon.ico [] []
[2012-09-09 02:59:27] myapp.ERROR: No route found for "GET /favicon.ico" [] []
[2012-09-09 02:59:27] myapp.INFO: < 404 [] []
[2012-09-09 02:59:32] myapp.INFO: > GET /v1/user/search [] []
[2012-09-09 02:59:32] myapp.ERROR: Controller "Closure" requires that you provide a value for the "$param" argument (because there is no default value or because there is a non optional argument after this one). [] []
[2012-09-09 02:59:32] myapp.INFO: < 500 [] []
[2012-09-09 02:59:33] myapp.INFO: > GET /favicon.ico [] []
[2012-09-09 02:59:33] myapp.ERROR: No route found for "GET /favicon.ico" [] []
[2012-09-09 02:59:33] myapp.INFO: < 404 [] []
[2012-09-09 02:59:44] myapp.INFO: > GET /v1/user/search [] []
[2012-09-09 02:59:44] myapp.ERROR: Controller "Closure" requires that you provide a value for the "$param" argument (because there is no default value or because there is a non optional argument after this one). [] []
[2012-09-09 02:59:44] myapp.INFO: < 500 [] []
[2012-09-09 02:59:44] myapp.INFO: > GET /favicon.ico [] []
[2012-09-09 02:59:44] myapp.ERROR: No route found for "GET /favicon.ico" [] []
[2012-09-09 02:59:44] myapp.INFO: < 404 [] []
[2012-09-09 02:59:51] myapp.INFO: > GET /v1/user/search [] []
[2012-09-09 02:59:51] myapp.INFO: < 200 [] []
[2012-09-09 02:59:51] myapp.INFO: > GET /favicon.ico [] []
[2012-09-09 02:59:51] myapp.ERROR: No route found for "GET /favicon.ico" [] []
[2012-09-09 02:59:51] myapp.INFO: < 404 [] []
[2012-09-09 03:00:25] myapp.INFO: > GET /v1/user/search [] []
[2012-09-09 03:00:25] myapp.INFO: < 200 [] []
[2012-09-09 03:00:25] myapp.INFO: > GET /favicon.ico [] []
[2012-09-09 03:00:25] myapp.ERROR: No route found for "GET /favicon.ico" [] []
[2012-09-09 03:00:25] myapp.INFO: < 404 [] []
[2012-09-09 03:00:32] myapp.INFO: > GET /v1/user/get [] []
[2012-09-09 03:00:32] myapp.INFO: < 200 [] []
[2012-09-09 03:00:32] myapp.INFO: > GET /favicon.ico [] []
[2012-09-09 03:00:32] myapp.ERROR: No route found for "GET /favicon.ico" [] []
[2012-09-09 03:00:32] myapp.INFO: < 404 [] []
[2012-09-09 03:00:36] myapp.INFO: > GET /v1/user/search [] []
[2012-09-09 03:00:36] myapp.INFO: < 200 [] []
[2012-09-09 03:00:36] myapp.INFO: > GET /favicon.ico [] []
[2012-09-09 03:00:36] myapp.ERROR: No route found for "GET /favicon.ico" [] []
[2012-09-09 03:00:36] myapp.INFO: < 404 [] []
[2012-09-09 03:00:56] myapp.INFO: > GET /v1/user/search [] []
[2012-09-09 03:00:56] myapp.ERROR: Controller "Closure" requires that you provide a value for the "$id" argument (because there is no default value or because there is a non optional argument after this one). [] []
[2012-09-09 03:00:56] myapp.INFO: < 500 [] []
[2012-09-09 03:00:56] myapp.INFO: > GET /favicon.ico [] []
[2012-09-09 03:00:56] myapp.ERROR: No route found for "GET /favicon.ico" [] []
[2012-09-09 03:00:56] myapp.INFO: < 404 [] []
[2012-09-09 03:01:18] myapp.INFO: > GET /v1/user/search [] []
[2012-09-09 03:01:18] myapp.ERROR: Controller "Closure" requires that you provide a value for the "$id" argument (because there is no default value or because there is a non optional argument after this one). [] []
[2012-09-09 03:01:18] myapp.INFO: < 500 [] []
[2012-09-09 03:01:18] myapp.INFO: > GET /favicon.ico [] []
[2012-09-09 03:01:18] myapp.ERROR: No route found for "GET /favicon.ico" [] []
[2012-09-09 03:01:18] myapp.INFO: < 404 [] []
[2012-09-09 03:01:23] myapp.INFO: > GET /v1/user/search [] []
[2012-09-09 03:01:23] myapp.ERROR: Controller "Closure" requires that you provide a value for the "$id" argument (because there is no default value or because there is a non optional argument after this one). [] []
[2012-09-09 03:01:23] myapp.INFO: < 500 [] []
[2012-09-09 03:01:23] myapp.INFO: > GET /favicon.ico [] []
[2012-09-09 03:01:23] myapp.ERROR: No route found for "GET /favicon.ico" [] []
[2012-09-09 03:01:23] myapp.INFO: < 404 [] []
[2012-09-09 03:01:35] myapp.INFO: > GET /v1/user/search [] []
[2012-09-09 03:01:35] myapp.ERROR: Controller "Closure" requires that you provide a value for the "$id" argument (because there is no default value or because there is a non optional argument after this one). [] []
[2012-09-09 03:01:35] myapp.INFO: < 500 [] []
[2012-09-09 03:01:36] myapp.INFO: > GET /favicon.ico [] []
[2012-09-09 03:01:36] myapp.ERROR: No route found for "GET /favicon.ico" [] []
[2012-09-09 03:01:36] myapp.INFO: < 404 [] []
[2012-09-09 03:01:49] myapp.INFO: > GET /v1/user/search [] []
[2012-09-09 03:01:49] myapp.ERROR: Controller "Closure" requires that you provide a value for the "$id" argument (because there is no default value or because there is a non optional argument after this one). [] []
[2012-09-09 03:01:49] myapp.INFO: < 500 [] []
[2012-09-09 03:01:50] myapp.INFO: > GET /favicon.ico [] []
[2012-09-09 03:01:50] myapp.ERROR: No route found for "GET /favicon.ico" [] []
[2012-09-09 03:01:50] myapp.INFO: < 404 [] []
[2012-09-09 03:03:53] myapp.INFO: > GET /v1/user/search [] []
[2012-09-09 03:03:53] myapp.ERROR: Controller "Closure" requires that you provide a value for the "$id" argument (because there is no default value or because there is a non optional argument after this one). [] []
[2012-09-09 03:03:53] myapp.INFO: < 500 [] []
[2012-09-09 03:03:53] myapp.INFO: > GET /favicon.ico [] []
[2012-09-09 03:03:53] myapp.ERROR: No route found for "GET /favicon.ico" [] []
[2012-09-09 03:03:53] myapp.INFO: < 404 [] []
[2012-09-09 03:04:22] myapp.INFO: > GET /v1/user/search [] []
[2012-09-09 03:04:22] myapp.ERROR: Controller "Closure" requires that you provide a value for the "$id" argument (because there is no default value or because there is a non optional argument after this one). [] []
[2012-09-09 03:04:22] myapp.INFO: < 500 [] []
[2012-09-09 03:04:22] myapp.INFO: > GET /favicon.ico [] []
[2012-09-09 03:04:22] myapp.ERROR: No route found for "GET /favicon.ico" [] []
[2012-09-09 03:04:22] myapp.INFO: < 404 [] []
[2012-09-09 03:04:45] myapp.INFO: > GET /v1/user/search [] []
[2012-09-09 03:04:45] myapp.ERROR: Controller "Closure" requires that you provide a value for the "$id" argument (because there is no default value or because there is a non optional argument after this one). [] []
[2012-09-09 03:04:45] myapp.INFO: < 500 [] []
[2012-09-09 03:04:46] myapp.INFO: > GET /favicon.ico [] []
[2012-09-09 03:04:46] myapp.ERROR: No route found for "GET /favicon.ico" [] []
[2012-09-09 03:04:46] myapp.INFO: < 404 [] []
[2012-09-09 03:05:18] myapp.INFO: > GET /v1/user/search [] []
[2012-09-09 03:05:18] myapp.ERROR: Controller "Closure" requires that you provide a value for the "$id" argument (because there is no default value or because there is a non optional argument after this one). [] []
[2012-09-09 03:05:18] myapp.INFO: < 500 [] []
[2012-09-09 03:05:18] myapp.INFO: > GET /favicon.ico [] []
[2012-09-09 03:05:18] myapp.ERROR: No route found for "GET /favicon.ico" [] []
[2012-09-09 03:05:18] myapp.INFO: < 404 [] []
[2012-09-09 03:05:25] myapp.INFO: > GET /v1/user/search [] []
[2012-09-09 03:05:25] myapp.INFO: < 200 [] []
[2012-09-09 03:05:25] myapp.INFO: > GET /favicon.ico [] []
[2012-09-09 03:05:25] myapp.ERROR: No route found for "GET /favicon.ico" [] []
[2012-09-09 03:05:25] myapp.INFO: < 404 [] []
[2012-09-09 03:05:39] myapp.INFO: > GET /v1/user/search [] []
[2012-09-09 03:05:39] myapp.INFO: < 200 [] []
[2012-09-09 03:05:39] myapp.INFO: > GET /favicon.ico [] []
[2012-09-09 03:05:39] myapp.ERROR: No route found for "GET /favicon.ico" [] []
[2012-09-09 03:05:39] myapp.INFO: < 404 [] []
[2012-09-09 03:06:20] myapp.INFO: > GET /v1/user/search [] []
[2012-09-09 03:06:20] myapp.INFO: < 200 [] []
[2012-09-09 03:06:20] myapp.INFO: > GET /favicon.ico [] []
[2012-09-09 03:06:20] myapp.ERROR: No route found for "GET /favicon.ico" [] []
[2012-09-09 03:06:20] myapp.INFO: < 404 [] []
[2012-09-09 03:06:25] myapp.INFO: > GET /v1/user/search [] []
[2012-09-09 03:06:25] myapp.ERROR: Controller "Closure" requires that you provide a value for the "$hey" argument (because there is no default value or because there is a non optional argument after this one). [] []
[2012-09-09 03:06:25] myapp.INFO: < 500 [] []
[2012-09-09 03:06:25] myapp.INFO: > GET /favicon.ico [] []
[2012-09-09 03:06:25] myapp.ERROR: No route found for "GET /favicon.ico" [] []
[2012-09-09 03:06:25] myapp.INFO: < 404 [] []
[2012-09-09 03:07:19] myapp.INFO: > GET /v1/user/search [] []
[2012-09-09 03:07:19] myapp.INFO: < 200 [] []
[2012-09-09 03:07:19] myapp.INFO: > GET /favicon.ico [] []
[2012-09-09 03:07:19] myapp.ERROR: No route found for "GET /favicon.ico" [] []
[2012-09-09 03:07:19] myapp.INFO: < 404 [] []
[2012-09-09 03:07:31] myapp.INFO: > GET /v1/user/search [] []
[2012-09-09 03:07:31] myapp.INFO: < 200 [] []
[2012-09-09 03:07:32] myapp.INFO: > GET /favicon.ico [] []
[2012-09-09 03:07:32] myapp.ERROR: No route found for "GET /favicon.ico" [] []
[2012-09-09 03:07:32] myapp.INFO: < 404 [] []
[2012-09-09 03:07:49] myapp.INFO: > GET /v1/user/search [] []
[2012-09-09 03:07:49] myapp.INFO: < 200 [] []
[2012-09-09 03:07:49] myapp.INFO: > GET /favicon.ico [] []
[2012-09-09 03:07:49] myapp.ERROR: No route found for "GET /favicon.ico" [] []
[2012-09-09 03:07:49] myapp.INFO: < 404 [] []
[2012-09-09 03:08:00] myapp.INFO: > GET /v1/user/search [] []
[2012-09-09 03:08:00] myapp.INFO: < 200 [] []
[2012-09-09 03:08:00] myapp.INFO: > GET /favicon.ico [] []
[2012-09-09 03:08:01] myapp.ERROR: No route found for "GET /favicon.ico" [] []
[2012-09-09 03:08:01] myapp.INFO: < 404 [] []
[2012-09-09 03:08:18] myapp.INFO: > GET /v1/user/search [] []
[2012-09-09 03:08:18] myapp.INFO: < 200 [] []
[2012-09-09 03:08:18] myapp.INFO: > GET /favicon.ico [] []
[2012-09-09 03:08:18] myapp.ERROR: No route found for "GET /favicon.ico" [] []
[2012-09-09 03:08:18] myapp.INFO: < 404 [] []
[2012-09-09 03:08:21] myapp.INFO: > GET /v1/user/search [] []
[2012-09-09 03:08:21] myapp.INFO: < 200 [] []
[2012-09-09 03:08:22] myapp.INFO: > GET /favicon.ico [] []
[2012-09-09 03:08:22] myapp.ERROR: No route found for "GET /favicon.ico" [] []
[2012-09-09 03:08:22] myapp.INFO: < 404 [] []
[2012-09-09 03:08:28] myapp.INFO: > GET /v1/user/search [] []
[2012-09-09 03:08:28] myapp.INFO: < 200 [] []
[2012-09-09 03:08:28] myapp.INFO: > GET /favicon.ico [] []
[2012-09-09 03:08:28] myapp.ERROR: No route found for "GET /favicon.ico" [] []
[2012-09-09 03:08:28] myapp.INFO: < 404 [] []
[2012-09-09 03:08:41] myapp.INFO: > GET /v1/user/search [] []
[2012-09-09 03:08:41] myapp.INFO: < 200 [] []
[2012-09-09 03:08:41] myapp.INFO: > GET /favicon.ico [] []
[2012-09-09 03:08:41] myapp.ERROR: No route found for "GET /favicon.ico" [] []
[2012-09-09 03:08:41] myapp.INFO: < 404 [] []
[2012-09-09 03:13:20] myapp.INFO: > GET /v1/user/search [] []
[2012-09-09 03:13:20] myapp.INFO: < 200 [] []
[2012-09-09 03:13:20] myapp.INFO: > GET /favicon.ico [] []
[2012-09-09 03:13:20] myapp.ERROR: No route found for "GET /favicon.ico" [] []
[2012-09-09 03:13:20] myapp.INFO: < 404 [] []
[2012-09-09 03:14:43] myapp.INFO: > GET /v1/user/get [] []
[2012-09-09 03:14:43] myapp.INFO: < 200 [] []
[2012-09-09 03:14:43] myapp.INFO: > GET /favicon.ico [] []
[2012-09-09 03:14:43] myapp.ERROR: No route found for "GET /favicon.ico" [] []
[2012-09-09 03:14:43] myapp.INFO: < 404 [] []
[2012-09-09 03:15:02] myapp.INFO: > GET /v1/user/get/ [] []
[2012-09-09 03:15:02] myapp.INFO: < 200 [] []
[2012-09-09 03:15:03] myapp.INFO: > GET /favicon.ico [] []
[2012-09-09 03:15:03] myapp.ERROR: No route found for "GET /favicon.ico" [] []
[2012-09-09 03:15:03] myapp.INFO: < 404 [] []
[2012-09-09 03:15:25] myapp.INFO: > GET /v1/user/get/ [] []
[2012-09-09 03:15:25] myapp.INFO: < 200 [] []
[2012-09-09 03:15:25] myapp.INFO: > GET /favicon.ico [] []
[2012-09-09 03:15:25] myapp.ERROR: No route found for "GET /favicon.ico" [] []
[2012-09-09 03:15:25] myapp.INFO: < 404 [] []
[2012-09-09 03:15:33] myapp.INFO: > GET /v1/user/get/ [] []
[2012-09-09 03:15:33] myapp.INFO: < 200 [] []
[2012-09-09 03:15:33] myapp.INFO: > GET /favicon.ico [] []
[2012-09-09 03:15:33] myapp.ERROR: No route found for "GET /favicon.ico" [] []
[2012-09-09 03:15:33] myapp.INFO: < 404 [] []
[2012-09-09 03:15:37] myapp.INFO: > GET /v1/user/get/ [] []
[2012-09-09 03:15:37] myapp.INFO: < 200 [] []
[2012-09-09 03:15:37] myapp.INFO: > GET /favicon.ico [] []
[2012-09-09 03:15:37] myapp.ERROR: No route found for "GET /favicon.ico" [] []
[2012-09-09 03:15:37] myapp.INFO: < 404 [] []
[2012-09-09 03:15:44] myapp.INFO: > GET /v1/user/get/ [] []
[2012-09-09 03:15:44] myapp.INFO: < 200 [] []
[2012-09-09 03:15:44] myapp.INFO: > GET /favicon.ico [] []
[2012-09-09 03:15:44] myapp.ERROR: No route found for "GET /favicon.ico" [] []
[2012-09-09 03:15:44] myapp.INFO: < 404 [] []
[2012-09-09 03:15:47] myapp.INFO: > GET /v1/user/search [] []
[2012-09-09 03:15:47] myapp.INFO: < 301 [] []
[2012-09-09 03:15:47] myapp.INFO: > GET /v1/user/search/ [] []
[2012-09-09 03:15:47] myapp.INFO: < 200 [] []
[2012-09-09 03:15:47] myapp.INFO: > GET /favicon.ico [] []
[2012-09-09 03:15:47] myapp.ERROR: No route found for "GET /favicon.ico" [] []
[2012-09-09 03:15:47] myapp.INFO: < 404 [] []
[2012-09-09 03:15:49] myapp.INFO: > GET /v1/user/search/ [] []
[2012-09-09 03:15:49] myapp.INFO: < 200 [] []
[2012-09-09 03:15:49] myapp.INFO: > GET /favicon.ico [] []
[2012-09-09 03:15:49] myapp.ERROR: No route found for "GET /favicon.ico" [] []
[2012-09-09 03:15:49] myapp.INFO: < 404 [] []
[2012-09-09 03:15:58] myapp.INFO: > GET /v1/user/search/ [] []
[2012-09-09 03:15:58] myapp.INFO: < 200 [] []
[2012-09-09 03:15:59] myapp.INFO: > GET /favicon.ico [] []
[2012-09-09 03:15:59] myapp.ERROR: No route found for "GET /favicon.ico" [] []
[2012-09-09 03:15:59] myapp.INFO: < 404 [] []
[2012-09-09 03:16:01] myapp.INFO: > GET /v1/user/search [] []
[2012-09-09 03:16:01] myapp.INFO: < 301 [] []
[2012-09-09 03:16:01] myapp.INFO: > GET /v1/user/search/ [] []
[2012-09-09 03:16:01] myapp.INFO: < 200 [] []
[2012-09-09 03:16:01] myapp.INFO: > GET /favicon.ico [] []
[2012-09-09 03:16:01] myapp.ERROR: No route found for "GET /favicon.ico" [] []
[2012-09-09 03:16:01] myapp.INFO: < 404 [] []
[2012-09-09 03:16:02] myapp.INFO: > GET /favicon.ico [] []
[2012-09-09 03:16:02] myapp.ERROR: No route found for "GET /favicon.ico" [] []
[2012-09-09 03:16:02] myapp.INFO: < 404 [] []
[2012-09-09 03:16:03] myapp.INFO: > GET /v1/user/get/ [] []
[2012-09-09 03:16:03] myapp.INFO: < 200 [] []
[2012-09-09 03:16:03] myapp.INFO: > GET /favicon.ico [] []
[2012-09-09 03:16:03] myapp.ERROR: No route found for "GET /favicon.ico" [] []
[2012-09-09 03:16:03] myapp.INFO: < 404 [] []
[2012-09-09 03:16:04] myapp.INFO: > GET /v1/user/get/ [] []
[2012-09-09 03:16:04] myapp.INFO: < 200 [] []
[2012-09-09 03:16:04] myapp.INFO: > GET /favicon.ico [] []
[2012-09-09 03:16:04] myapp.ERROR: No route found for "GET /favicon.ico" [] []
[2012-09-09 03:16:04] myapp.INFO: < 404 [] []
[2012-09-09 03:16:11] myapp.INFO: > GET /v1/user/search/ [] []
[2012-09-09 03:16:11] myapp.ERROR: No route found for "GET /v1/user/search/" [] []
[2012-09-09 03:16:11] myapp.INFO: < 404 [] []
[2012-09-09 03:16:11] myapp.INFO: > GET /favicon.ico [] []
[2012-09-09 03:16:11] myapp.ERROR: No route found for "GET /favicon.ico" [] []
[2012-09-09 03:16:11] myapp.INFO: < 404 [] []
[2012-09-09 03:16:21] myapp.INFO: > GET /v1/user/search [] []
[2012-09-09 03:16:21] myapp.INFO: < 200 [] []
[2012-09-09 03:16:22] myapp.INFO: > GET /favicon.ico [] []
[2012-09-09 03:16:22] myapp.ERROR: No route found for "GET /favicon.ico" [] []
[2012-09-09 03:16:22] myapp.INFO: < 404 [] []
[2012-09-09 03:16:24] myapp.INFO: > GET /v1/user/get/ [] []
[2012-09-09 03:16:24] myapp.INFO: < 200 [] []
[2012-09-09 03:16:24] myapp.INFO: > GET /favicon.ico [] []
[2012-09-09 03:16:24] myapp.ERROR: No route found for "GET /favicon.ico" [] []
[2012-09-09 03:16:24] myapp.INFO: < 404 [] []
[2012-09-09 03:16:47] myapp.INFO: > GET /v1/user/search [] []
[2012-09-09 03:16:47] myapp.INFO: < 200 [] []
[2012-09-09 03:16:47] myapp.INFO: > GET /favicon.ico [] []
[2012-09-09 03:16:47] myapp.ERROR: No route found for "GET /favicon.ico" [] []
[2012-09-09 03:16:47] myapp.INFO: < 404 [] []
[2012-09-09 03:16:50] myapp.INFO: > GET /v1/user/help [] []
[2012-09-09 03:16:50] myapp.INFO: < 200 [] []
[2012-09-09 03:16:50] myapp.INFO: > GET /favicon.ico [] []
[2012-09-09 03:16:50] myapp.ERROR: No route found for "GET /favicon.ico" [] []
[2012-09-09 03:16:50] myapp.INFO: < 404 [] []
[2012-09-09 03:16:57] myapp.INFO: > GET /v1/user/help [] []
[2012-09-09 03:16:57] myapp.INFO: < 301 [] []
[2012-09-09 03:16:57] myapp.INFO: > GET /v1/user/help/ [] []
[2012-09-09 03:16:57] myapp.INFO: < 200 [] []
[2012-09-09 03:16:57] myapp.INFO: > GET /favicon.ico [] []
[2012-09-09 03:16:57] myapp.ERROR: No route found for "GET /favicon.ico" [] []
[2012-09-09 03:16:57] myapp.INFO: < 404 [] []
[2012-09-09 03:17:12] myapp.INFO: > GET /v1/user/1/get [] []
[2012-09-09 03:17:12] myapp.ERROR: No route found for "GET /v1/user/1/get" [] []
[2012-09-09 03:17:12] myapp.INFO: < 404 [] []
[2012-09-09 03:17:12] myapp.INFO: > GET /favicon.ico [] []
[2012-09-09 03:17:12] myapp.ERROR: No route found for "GET /favicon.ico" [] []
[2012-09-09 03:17:12] myapp.INFO: < 404 [] []
[2012-09-09 03:17:22] myapp.INFO: > GET /v1/user/1/get [] []
[2012-09-09 03:17:22] myapp.INFO: < 301 [] []
[2012-09-09 03:17:22] myapp.INFO: > GET /v1/user/1/get/ [] []
[2012-09-09 03:17:22] myapp.INFO: < 200 [] []
[2012-09-09 03:17:23] myapp.INFO: > GET /v1/user/get/ [] []
[2012-09-09 03:17:23] myapp.ERROR: No route found for "GET /v1/user/get/" [] []
[2012-09-09 03:17:23] myapp.INFO: < 404 [] []
[2012-09-09 03:17:23] myapp.INFO: > GET /favicon.ico [] []
[2012-09-09 03:17:23] myapp.ERROR: No route found for "GET /favicon.ico" [] []
[2012-09-09 03:17:23] myapp.INFO: < 404 [] []
[2012-09-09 03:17:24] myapp.INFO: > GET /v1/user/get/ [] []
[2012-09-09 03:17:24] myapp.ERROR: No route found for "GET /v1/user/get/" [] []
[2012-09-09 03:17:24] myapp.INFO: < 404 [] []
[2012-09-09 03:17:24] myapp.INFO: > GET /favicon.ico [] []
[2012-09-09 03:17:24] myapp.ERROR: No route found for "GET /favicon.ico" [] []
[2012-09-09 03:17:24] myapp.INFO: < 404 [] []
[2012-09-09 03:17:30] myapp.INFO: > GET /v1/user/get [] []
[2012-09-09 03:17:30] myapp.INFO: < 200 [] []
[2012-09-09 03:17:30] myapp.INFO: > GET /favicon.ico [] []
[2012-09-09 03:17:30] myapp.ERROR: No route found for "GET /favicon.ico" [] []
[2012-09-09 03:17:30] myapp.INFO: < 404 [] []
[2012-09-09 03:17:37] myapp.INFO: > GET /v1/user/get [] []
[2012-09-09 03:17:37] myapp.INFO: < 200 [] []
[2012-09-09 03:17:37] myapp.INFO: > GET /favicon.ico [] []
[2012-09-09 03:17:37] myapp.ERROR: No route found for "GET /favicon.ico" [] []
[2012-09-09 03:17:37] myapp.INFO: < 404 [] []
[2012-09-09 03:18:14] myapp.INFO: > GET /v1/user/get [] []
[2012-09-09 03:18:14] myapp.INFO: < 200 [] []
[2012-09-09 03:18:14] myapp.INFO: > GET /favicon.ico [] []
[2012-09-09 03:18:14] myapp.ERROR: No route found for "GET /favicon.ico" [] []
[2012-09-09 03:18:14] myapp.INFO: < 404 [] []
[2012-09-09 03:18:39] myapp.INFO: > GET /v1/user/get [] []
[2012-09-09 03:18:39] myapp.INFO: < 200 [] []
[2012-09-09 03:18:39] myapp.INFO: > GET /favicon.ico [] []
[2012-09-09 03:18:39] myapp.ERROR: No route found for "GET /favicon.ico" [] []
[2012-09-09 03:18:39] myapp.INFO: < 404 [] []
[2012-09-09 03:18:51] myapp.INFO: > GET /v1/user/get [] []
[2012-09-09 03:18:51] myapp.INFO: < 200 [] []
[2012-09-09 03:18:51] myapp.INFO: > GET /favicon.ico [] []
[2012-09-09 03:18:51] myapp.ERROR: No route found for "GET /favicon.ico" [] []
[2012-09-09 03:18:51] myapp.INFO: < 404 [] []
[2012-09-09 03:18:52] myapp.INFO: > GET /v1/user/1/get/ [] []
[2012-09-09 03:18:52] myapp.ERROR: No route found for "GET /v1/user/1/get/" [] []
[2012-09-09 03:18:52] myapp.INFO: < 404 [] []
[2012-09-09 03:18:58] myapp.INFO: > GET /v1/user/1/get/ [] []
[2012-09-09 03:18:58] myapp.ERROR: No route found for "GET /v1/user/1/get/" [] []
[2012-09-09 03:18:58] myapp.INFO: < 404 [] []
[2012-09-09 03:18:59] myapp.INFO: > GET /v1/user/1/get [] []
[2012-09-09 03:18:59] myapp.INFO: < 200 [] []
[2012-09-09 03:19:00] myapp.INFO: > GET /favicon.ico [] []
[2012-09-09 03:19:00] myapp.ERROR: No route found for "GET /favicon.ico" [] []
[2012-09-09 03:19:00] myapp.INFO: < 404 [] []
[2012-09-09 03:19:12] myapp.INFO: > GET /v1/user/get [] []
[2012-09-09 03:19:12] myapp.INFO: < 200 [] []
[2012-09-09 03:19:12] myapp.INFO: > GET /favicon.ico [] []
[2012-09-09 03:19:12] myapp.ERROR: No route found for "GET /favicon.ico" [] []
[2012-09-09 03:19:12] myapp.INFO: < 404 [] []
[2012-09-09 03:19:18] myapp.INFO: > GET /v1/user/get [] []
[2012-09-09 03:19:18] myapp.INFO: < 200 [] []
[2012-09-09 03:19:19] myapp.INFO: > GET /favicon.ico [] []
[2012-09-09 03:19:19] myapp.ERROR: No route found for "GET /favicon.ico" [] []
[2012-09-09 03:19:19] myapp.INFO: < 404 [] []
[2012-09-09 03:19:19] myapp.INFO: > GET /v1/user/1/get [] []
[2012-09-09 03:19:19] myapp.INFO: < 500 [] []
[2012-09-09 03:19:20] myapp.INFO: > GET /favicon.ico [] []
[2012-09-09 03:19:20] myapp.ERROR: No route found for "GET /favicon.ico" [] []
[2012-09-09 03:19:20] myapp.INFO: < 404 [] []
[2012-09-09 03:19:26] myapp.INFO: > GET /v1/user/1/get [] []
[2012-09-09 03:19:26] myapp.INFO: < 200 [] []
[2012-09-09 03:19:26] myapp.INFO: > GET /favicon.ico [] []
[2012-09-09 03:19:26] myapp.ERROR: No route found for "GET /favicon.ico" [] []
[2012-09-09 03:19:26] myapp.INFO: < 404 [] []
